{"C:\\Users\\Natanel\\Downloads\\N.E\\לימודים\\שנה ג\\נושאים מתקדמים באפליקציות אינטרנטיות\\assignment2\\Assign1e\\server.ts": {"path":"C:\\Users\\Natanel\\Downloads\\N.E\\לימודים\\שנה ג\\נושאים מתקדמים באפליקציות אינטרנטיות\\assignment2\\Assign1e\\server.ts","statementMap":{"0":{"start":{"line":1,"column":0},"end":{"line":1,"column":28}},"1":{"start":{"line":2,"column":0},"end":{"line":2,"column":37}},"2":{"start":{"line":3,"column":0},"end":{"line":3,"column":32}},"3":{"start":{"line":4,"column":0},"end":{"line":4,"column":43}},"4":{"start":{"line":5,"column":0},"end":{"line":5,"column":45}},"5":{"start":{"line":6,"column":0},"end":{"line":6,"column":51}},"6":{"start":{"line":7,"column":0},"end":{"line":7,"column":45}},"7":{"start":{"line":8,"column":0},"end":{"line":8,"column":16}},"8":{"start":{"line":10,"column":12},"end":{"line":10,"column":21}},"9":{"start":{"line":12,"column":0},"end":{"line":12,"column":27}},"10":{"start":{"line":13,"column":0},"end":{"line":13,"column":51}},"11":{"start":{"line":14,"column":0},"end":{"line":14,"column":30}},"12":{"start":{"line":15,"column":0},"end":{"line":15,"column":35}},"13":{"start":{"line":16,"column":0},"end":{"line":16,"column":29}},"14":{"start":{"line":18,"column":12},"end":{"line":18,"column":31}},"15":{"start":{"line":19,"column":0},"end":{"line":19,"column":51}},"16":{"start":{"line":19,"column":29},"end":{"line":19,"column":49}},"17":{"start":{"line":20,"column":0},"end":{"line":20,"column":63}},"18":{"start":{"line":20,"column":25},"end":{"line":20,"column":61}},"19":{"start":{"line":23,"column":16},"end":{"line":37,"column":1}},"20":{"start":{"line":24,"column":4},"end":{"line":36,"column":7}},"21":{"start":{"line":25,"column":8},"end":{"line":35,"column":9}},"22":{"start":{"line":26,"column":12},"end":{"line":26,"column":65}},"23":{"start":{"line":29,"column":12},"end":{"line":34,"column":15}},"24":{"start":{"line":31,"column":16},"end":{"line":31,"column":29}},"25":{"start":{"line":33,"column":16},"end":{"line":33,"column":28}},"26":{"start":{"line":38,"column":0},"end":{"line":38,"column":23}}},"fnMap":{"0":{"name":"(anonymous_1)","decl":{"start":{"line":19,"column":18},"end":{"line":19,"column":19}},"loc":{"start":{"line":19,"column":29},"end":{"line":19,"column":49}}},"1":{"name":"(anonymous_2)","decl":{"start":{"line":20,"column":19},"end":{"line":20,"column":22}},"loc":{"start":{"line":20,"column":25},"end":{"line":20,"column":61}}},"2":{"name":"(anonymous_3)","decl":{"start":{"line":23,"column":16},"end":{"line":23,"column":18}},"loc":{"start":{"line":23,"column":20},"end":{"line":37,"column":1}}},"3":{"name":"(anonymous_4)","decl":{"start":{"line":24,"column":33},"end":{"line":24,"column":34}},"loc":{"start":{"line":24,"column":53},"end":{"line":36,"column":5}}},"4":{"name":"(anonymous_5)","decl":{"start":{"line":30,"column":18},"end":{"line":30,"column":21}},"loc":{"start":{"line":30,"column":23},"end":{"line":32,"column":13}}},"5":{"name":"(anonymous_6)","decl":{"start":{"line":32,"column":21},"end":{"line":32,"column":22}},"loc":{"start":{"line":32,"column":29},"end":{"line":34,"column":13}}}},"branchMap":{"0":{"loc":{"start":{"line":25,"column":8},"end":{"line":35,"column":9}},"type":"if","locations":[{"start":{"line":25,"column":8},"end":{"line":35,"column":9}},{"start":{"line":28,"column":13},"end":{"line":35,"column":9}}]}},"s":{"0":3,"1":3,"2":3,"3":3,"4":3,"5":3,"6":3,"7":3,"8":3,"9":3,"10":3,"11":3,"12":3,"13":3,"14":3,"15":3,"16":0,"17":3,"18":3,"19":3,"20":3,"21":3,"22":0,"23":3,"24":3,"25":0,"26":3},"f":{"0":0,"1":3,"2":3,"3":3,"4":3,"5":0},"b":{"0":[0,3]}}
,"C:\\Users\\Natanel\\Downloads\\N.E\\לימודים\\שנה ג\\נושאים מתקדמים באפליקציות אינטרנטיות\\assignment2\\Assign1e\\controller\\authController.ts": {"path":"C:\\Users\\Natanel\\Downloads\\N.E\\לימודים\\שנה ג\\נושאים מתקדמים באפליקציות אינטרנטיות\\assignment2\\Assign1e\\controller\\authController.ts","statementMap":{"0":{"start":{"line":2,"column":0},"end":{"line":2,"column":53}},"1":{"start":{"line":5,"column":0},"end":{"line":5,"column":28}},"2":{"start":{"line":6,"column":0},"end":{"line":6,"column":31}},"3":{"start":{"line":10,"column":17},"end":{"line":36,"column":null}},"4":{"start":{"line":10,"column":55},"end":{"line":36,"column":null}},"5":{"start":{"line":11,"column":28},"end":{"line":11,"column":36}},"6":{"start":{"line":12,"column":17},"end":{"line":12,"column":31}},"7":{"start":{"line":13,"column":20},"end":{"line":13,"column":37}},"8":{"start":{"line":14,"column":16},"end":{"line":14,"column":40}},"9":{"start":{"line":16,"column":4},"end":{"line":21,"column":5}},"10":{"start":{"line":17,"column":8},"end":{"line":17,"column":57}},"11":{"start":{"line":20,"column":8},"end":{"line":20,"column":26}},"12":{"start":{"line":22,"column":22},"end":{"line":22,"column":60}},"13":{"start":{"line":23,"column":4},"end":{"line":26,"column":5}},"14":{"start":{"line":24,"column":8},"end":{"line":24,"column":52}},"15":{"start":{"line":25,"column":8},"end":{"line":25,"column":15}},"16":{"start":{"line":27,"column":4},"end":{"line":35,"column":5}},"17":{"start":{"line":28,"column":26},"end":{"line":31,"column":10}},"18":{"start":{"line":32,"column":8},"end":{"line":32,"column":40}},"19":{"start":{"line":34,"column":8},"end":{"line":34,"column":36}},"20":{"start":{"line":42,"column":22},"end":{"line":65,"column":1}},"21":{"start":{"line":43,"column":4},"end":{"line":45,"column":5}},"22":{"start":{"line":44,"column":8},"end":{"line":44,"column":20}},"23":{"start":{"line":47,"column":19},"end":{"line":47,"column":43}},"24":{"start":{"line":48,"column":24},"end":{"line":54,"column":49}},"25":{"start":{"line":55,"column":25},"end":{"line":60,"column":48}},"26":{"start":{"line":61,"column":4},"end":{"line":64,"column":6}},"27":{"start":{"line":66,"column":14},"end":{"line":112,"column":2}},"28":{"start":{"line":66,"column":52},"end":{"line":112,"column":2}},"29":{"start":{"line":67,"column":4},"end":{"line":111,"column":5}},"30":{"start":{"line":68,"column":28},"end":{"line":68,"column":36}},"31":{"start":{"line":69,"column":17},"end":{"line":69,"column":31}},"32":{"start":{"line":70,"column":20},"end":{"line":70,"column":37}},"33":{"start":{"line":71,"column":21},"end":{"line":72,"column":6}},"34":{"start":{"line":73,"column":4},"end":{"line":105,"column":9}},"35":{"start":{"line":74,"column":8},"end":{"line":74,"column":65}},"36":{"start":{"line":75,"column":8},"end":{"line":75,"column":15}},"37":{"start":{"line":78,"column":29},"end":{"line":78,"column":79}},"38":{"start":{"line":79,"column":8},"end":{"line":82,"column":9}},"39":{"start":{"line":80,"column":12},"end":{"line":80,"column":69}},"40":{"start":{"line":81,"column":12},"end":{"line":81,"column":19}},"41":{"start":{"line":83,"column":8},"end":{"line":86,"column":9}},"42":{"start":{"line":84,"column":12},"end":{"line":84,"column":49}},"43":{"start":{"line":85,"column":12},"end":{"line":85,"column":19}},"44":{"start":{"line":87,"column":21},"end":{"line":87,"column":50}},"45":{"start":{"line":88,"column":8},"end":{"line":91,"column":9}},"46":{"start":{"line":89,"column":12},"end":{"line":89,"column":49}},"47":{"start":{"line":90,"column":12},"end":{"line":90,"column":19}},"48":{"start":{"line":92,"column":8},"end":{"line":94,"column":9}},"49":{"start":{"line":93,"column":12},"end":{"line":93,"column":41}},"50":{"start":{"line":95,"column":8},"end":{"line":95,"column":58}},"51":{"start":{"line":96,"column":8},"end":{"line":96,"column":32}},"52":{"start":{"line":97,"column":8},"end":{"line":102,"column":15}},"53":{"start":{"line":109,"column":8},"end":{"line":109,"column":25}},"54":{"start":{"line":110,"column":8},"end":{"line":110,"column":34}},"55":{"start":{"line":117,"column":30},"end":{"line":137,"column":null}},"56":{"start":{"line":117,"column":88},"end":{"line":137,"column":null}},"57":{"start":{"line":118,"column":23},"end":{"line":118,"column":50}},"58":{"start":{"line":119,"column":18},"end":{"line":119,"column":56}},"59":{"start":{"line":120,"column":4},"end":{"line":123,"column":5}},"60":{"start":{"line":121,"column":8},"end":{"line":121,"column":28}},"61":{"start":{"line":122,"column":8},"end":{"line":122,"column":15}},"62":{"start":{"line":124,"column":4},"end":{"line":127,"column":5}},"63":{"start":{"line":125,"column":8},"end":{"line":125,"column":45}},"64":{"start":{"line":126,"column":8},"end":{"line":126,"column":15}},"65":{"start":{"line":128,"column":4},"end":{"line":136,"column":7}},"66":{"start":{"line":130,"column":8},"end":{"line":133,"column":9}},"67":{"start":{"line":131,"column":12},"end":{"line":131,"column":49}},"68":{"start":{"line":132,"column":12},"end":{"line":132,"column":19}},"69":{"start":{"line":134,"column":8},"end":{"line":134,"column":53}},"70":{"start":{"line":135,"column":8},"end":{"line":135,"column":15}},"71":{"start":{"line":117,"column":13},"end":{"line":117,"column":30}},"72":{"start":{"line":138,"column":0},"end":{"line":141,"column":2}}},"fnMap":{"0":{"name":"(anonymous_8)","decl":{"start":{"line":10,"column":17},"end":{"line":10,"column":24}},"loc":{"start":{"line":10,"column":55},"end":{"line":36,"column":null}}},"1":{"name":"(anonymous_9)","decl":{"start":{"line":10,"column":55},"end":{"line":10,"column":null}},"loc":{"start":{"line":10,"column":55},"end":{"line":36,"column":1}}},"2":{"name":"(anonymous_10)","decl":{"start":{"line":42,"column":22},"end":{"line":42,"column":23}},"loc":{"start":{"line":42,"column":57},"end":{"line":65,"column":1}}},"3":{"name":"(anonymous_11)","decl":{"start":{"line":66,"column":14},"end":{"line":66,"column":21}},"loc":{"start":{"line":66,"column":52},"end":{"line":112,"column":2}}},"4":{"name":"(anonymous_12)","decl":{"start":{"line":66,"column":52},"end":{"line":66,"column":null}},"loc":{"start":{"line":66,"column":52},"end":{"line":112,"column":1}}},"5":{"name":"(anonymous_13)","decl":{"start":{"line":117,"column":30},"end":{"line":117,"column":37}},"loc":{"start":{"line":117,"column":88},"end":{"line":137,"column":null}}},"6":{"name":"(anonymous_14)","decl":{"start":{"line":117,"column":88},"end":{"line":117,"column":null}},"loc":{"start":{"line":117,"column":88},"end":{"line":137,"column":1}}},"7":{"name":"(anonymous_15)","decl":{"start":{"line":128,"column":48},"end":{"line":128,"column":49}},"loc":{"start":{"line":128,"column":65},"end":{"line":136,"column":5}}}},"branchMap":{"0":{"loc":{"start":{"line":16,"column":4},"end":{"line":21,"column":5}},"type":"if","locations":[{"start":{"line":16,"column":4},"end":{"line":21,"column":5}},{"start":{"line":19,"column":8},"end":{"line":21,"column":5}}]},"1":{"loc":{"start":{"line":23,"column":4},"end":{"line":26,"column":5}},"type":"if","locations":[{"start":{"line":23,"column":4},"end":{"line":26,"column":5}}]},"2":{"loc":{"start":{"line":43,"column":4},"end":{"line":45,"column":5}},"type":"if","locations":[{"start":{"line":43,"column":4},"end":{"line":45,"column":5}}]},"3":{"loc":{"start":{"line":73,"column":4},"end":{"line":105,"column":9}},"type":"if","locations":[{"start":{"line":73,"column":4},"end":{"line":105,"column":9}},{"start":{"line":77,"column":8},"end":{"line":105,"column":9}}]},"4":{"loc":{"start":{"line":79,"column":8},"end":{"line":82,"column":9}},"type":"if","locations":[{"start":{"line":79,"column":8},"end":{"line":82,"column":9}}]},"5":{"loc":{"start":{"line":83,"column":8},"end":{"line":86,"column":9}},"type":"if","locations":[{"start":{"line":83,"column":8},"end":{"line":86,"column":9}}]},"6":{"loc":{"start":{"line":88,"column":8},"end":{"line":91,"column":9}},"type":"if","locations":[{"start":{"line":88,"column":8},"end":{"line":91,"column":9}}]},"7":{"loc":{"start":{"line":92,"column":8},"end":{"line":94,"column":9}},"type":"if","locations":[{"start":{"line":92,"column":8},"end":{"line":94,"column":9}}]},"8":{"loc":{"start":{"line":119,"column":18},"end":{"line":119,"column":56}},"type":"binary-expr","locations":[{"start":{"line":119,"column":18},"end":{"line":119,"column":28}},{"start":{"line":119,"column":32},"end":{"line":119,"column":56}}]},"9":{"loc":{"start":{"line":120,"column":4},"end":{"line":123,"column":5}},"type":"if","locations":[{"start":{"line":120,"column":4},"end":{"line":123,"column":5}}]},"10":{"loc":{"start":{"line":124,"column":4},"end":{"line":127,"column":5}},"type":"if","locations":[{"start":{"line":124,"column":4},"end":{"line":127,"column":5}}]},"11":{"loc":{"start":{"line":130,"column":8},"end":{"line":133,"column":9}},"type":"if","locations":[{"start":{"line":130,"column":8},"end":{"line":133,"column":9}}]}},"s":{"0":3,"1":3,"2":3,"3":3,"4":6,"5":6,"6":6,"7":6,"8":6,"9":6,"10":5,"11":1,"12":6,"13":6,"14":1,"15":1,"16":5,"17":5,"18":3,"19":2,"20":3,"21":6,"22":0,"23":6,"24":6,"25":6,"26":6,"27":3,"28":8,"29":8,"30":8,"31":8,"32":8,"33":8,"34":8,"35":1,"36":1,"37":7,"38":7,"39":1,"40":1,"41":6,"42":0,"43":0,"44":6,"45":6,"46":0,"47":0,"48":6,"49":0,"50":6,"51":6,"52":6,"53":0,"54":0,"55":3,"56":13,"57":13,"58":13,"59":13,"60":1,"61":1,"62":12,"63":0,"64":0,"65":12,"66":12,"67":1,"68":1,"69":11,"70":11,"71":3,"72":3},"f":{"0":6,"1":6,"2":6,"3":8,"4":8,"5":13,"6":13,"7":12},"b":{"0":[5,1],"1":[1],"2":[0],"3":[1,7],"4":[1],"5":[0],"6":[0],"7":[0],"8":[13,12],"9":[1],"10":[0],"11":[1]}}
,"C:\\Users\\Natanel\\Downloads\\N.E\\לימודים\\שנה ג\\נושאים מתקדמים באפליקציות אינטרנטיות\\assignment2\\Assign1e\\controller\\commentController.ts": {"path":"C:\\Users\\Natanel\\Downloads\\N.E\\לימודים\\שנה ג\\נושאים מתקדמים באפליקציות אינטרנטיות\\assignment2\\Assign1e\\controller\\commentController.ts","statementMap":{"0":{"start":{"line":1,"column":0},"end":{"line":1,"column":44}},"1":{"start":{"line":4,"column":22},"end":{"line":12,"column":null}},"2":{"start":{"line":4,"column":58},"end":{"line":12,"column":null}},"3":{"start":{"line":5,"column":24},"end":{"line":5,"column":32}},"4":{"start":{"line":6,"column":4},"end":{"line":11,"column":5}},"5":{"start":{"line":7,"column":29},"end":{"line":7,"column":67}},"6":{"start":{"line":8,"column":8},"end":{"line":8,"column":43}},"7":{"start":{"line":10,"column":8},"end":{"line":10,"column":36}},"8":{"start":{"line":14,"column":22},"end":{"line":28,"column":6}},"9":{"start":{"line":14,"column":58},"end":{"line":28,"column":6}},"10":{"start":{"line":15,"column":18},"end":{"line":15,"column":34}},"11":{"start":{"line":16,"column":4},"end":{"line":27,"column":5}},"12":{"start":{"line":17,"column":22},"end":{"line":17,"column":62}},"13":{"start":{"line":18,"column":8},"end":{"line":18,"column":26}},"14":{"start":{"line":21,"column":4},"end":{"line":26,"column":9}},"15":{"start":{"line":22,"column":25},"end":{"line":22,"column":50}},"16":{"start":{"line":23,"column":8},"end":{"line":23,"column":39}},"17":{"start":{"line":25,"column":8},"end":{"line":25,"column":36}},"18":{"start":{"line":30,"column":21},"end":{"line":44,"column":2}},"19":{"start":{"line":30,"column":57},"end":{"line":44,"column":2}},"20":{"start":{"line":31,"column":17},"end":{"line":31,"column":27}},"21":{"start":{"line":32,"column":24},"end":{"line":32,"column":32}},"22":{"start":{"line":33,"column":4},"end":{"line":43,"column":5}},"23":{"start":{"line":34,"column":24},"end":{"line":34,"column":94}},"24":{"start":{"line":36,"column":8},"end":{"line":38,"column":9}},"25":{"start":{"line":37,"column":12},"end":{"line":37,"column":54}},"26":{"start":{"line":39,"column":9},"end":{"line":39,"column":39}},"27":{"start":{"line":42,"column":8},"end":{"line":42,"column":24}},"28":{"start":{"line":46,"column":21},"end":{"line":57,"column":2}},"29":{"start":{"line":46,"column":57},"end":{"line":57,"column":2}},"30":{"start":{"line":47,"column":19},"end":{"line":47,"column":29}},"31":{"start":{"line":48,"column":4},"end":{"line":56,"column":5}},"32":{"start":{"line":49,"column":24},"end":{"line":49,"column":64}},"33":{"start":{"line":50,"column":8},"end":{"line":52,"column":9}},"34":{"start":{"line":51,"column":12},"end":{"line":51,"column":54}},"35":{"start":{"line":53,"column":9},"end":{"line":53,"column":39}},"36":{"start":{"line":55,"column":8},"end":{"line":55,"column":36}},"37":{"start":{"line":59,"column":22},"end":{"line":73,"column":null}},"38":{"start":{"line":59,"column":58},"end":{"line":73,"column":null}},"39":{"start":{"line":60,"column":19},"end":{"line":60,"column":29}},"40":{"start":{"line":61,"column":4},"end":{"line":72,"column":5}},"41":{"start":{"line":62,"column":20},"end":{"line":62,"column":51}},"42":{"start":{"line":63,"column":4},"end":{"line":69,"column":5}},"43":{"start":{"line":64,"column":8},"end":{"line":64,"column":50}},"44":{"start":{"line":68,"column":4},"end":{"line":68,"column":34}},"45":{"start":{"line":71,"column":8},"end":{"line":71,"column":36}},"46":{"start":{"line":74,"column":0},"end":{"line":80,"column":3}}},"fnMap":{"0":{"name":"(anonymous_8)","decl":{"start":{"line":4,"column":22},"end":{"line":4,"column":29}},"loc":{"start":{"line":4,"column":58},"end":{"line":12,"column":null}}},"1":{"name":"(anonymous_9)","decl":{"start":{"line":4,"column":58},"end":{"line":4,"column":null}},"loc":{"start":{"line":4,"column":58},"end":{"line":12,"column":1}}},"2":{"name":"(anonymous_10)","decl":{"start":{"line":14,"column":22},"end":{"line":14,"column":29}},"loc":{"start":{"line":14,"column":58},"end":{"line":28,"column":6}}},"3":{"name":"(anonymous_11)","decl":{"start":{"line":14,"column":58},"end":{"line":14,"column":null}},"loc":{"start":{"line":14,"column":58},"end":{"line":28,"column":5}}},"4":{"name":"(anonymous_12)","decl":{"start":{"line":30,"column":21},"end":{"line":30,"column":28}},"loc":{"start":{"line":30,"column":57},"end":{"line":44,"column":2}}},"5":{"name":"(anonymous_13)","decl":{"start":{"line":30,"column":57},"end":{"line":30,"column":null}},"loc":{"start":{"line":30,"column":57},"end":{"line":44,"column":1}}},"6":{"name":"(anonymous_14)","decl":{"start":{"line":46,"column":21},"end":{"line":46,"column":28}},"loc":{"start":{"line":46,"column":57},"end":{"line":57,"column":2}}},"7":{"name":"(anonymous_15)","decl":{"start":{"line":46,"column":57},"end":{"line":46,"column":null}},"loc":{"start":{"line":46,"column":57},"end":{"line":57,"column":1}}},"8":{"name":"(anonymous_16)","decl":{"start":{"line":59,"column":22},"end":{"line":59,"column":29}},"loc":{"start":{"line":59,"column":58},"end":{"line":73,"column":null}}},"9":{"name":"(anonymous_17)","decl":{"start":{"line":59,"column":58},"end":{"line":59,"column":null}},"loc":{"start":{"line":59,"column":58},"end":{"line":73,"column":1}}}},"branchMap":{"0":{"loc":{"start":{"line":16,"column":4},"end":{"line":27,"column":5}},"type":"if","locations":[{"start":{"line":16,"column":4},"end":{"line":27,"column":5}},{"start":{"line":20,"column":8},"end":{"line":27,"column":5}}]},"1":{"loc":{"start":{"line":36,"column":8},"end":{"line":38,"column":9}},"type":"if","locations":[{"start":{"line":36,"column":8},"end":{"line":38,"column":9}}]},"2":{"loc":{"start":{"line":50,"column":8},"end":{"line":52,"column":9}},"type":"if","locations":[{"start":{"line":50,"column":8},"end":{"line":52,"column":9}}]},"3":{"loc":{"start":{"line":63,"column":4},"end":{"line":69,"column":5}},"type":"if","locations":[{"start":{"line":63,"column":4},"end":{"line":69,"column":5}},{"start":{"line":67,"column":4},"end":{"line":69,"column":5}}]}},"s":{"0":3,"1":3,"2":1,"3":1,"4":1,"5":1,"6":1,"7":0,"8":3,"9":3,"10":3,"11":3,"12":1,"13":1,"14":2,"15":2,"16":2,"17":0,"18":3,"19":2,"20":2,"21":2,"22":2,"23":2,"24":2,"25":1,"26":2,"27":1,"28":3,"29":1,"30":1,"31":1,"32":1,"33":1,"34":0,"35":1,"36":0,"37":3,"38":1,"39":1,"40":1,"41":1,"42":1,"43":0,"44":1,"45":0,"46":3},"f":{"0":1,"1":1,"2":3,"3":3,"4":2,"5":2,"6":1,"7":1,"8":1,"9":1},"b":{"0":[1,2],"1":[1],"2":[0],"3":[0,1]}}
,"C:\\Users\\Natanel\\Downloads\\N.E\\לימודים\\שנה ג\\נושאים מתקדמים באפליקציות אינטרנטיות\\assignment2\\Assign1e\\controller\\postController.ts": {"path":"C:\\Users\\Natanel\\Downloads\\N.E\\לימודים\\שנה ג\\נושאים מתקדמים באפליקציות אינטרנטיות\\assignment2\\Assign1e\\controller\\postController.ts","statementMap":{"0":{"start":{"line":2,"column":0},"end":{"line":2,"column":38}},"1":{"start":{"line":3,"column":0},"end":{"line":3,"column":38}},"2":{"start":{"line":5,"column":19},"end":{"line":13,"column":2}},"3":{"start":{"line":5,"column":55},"end":{"line":13,"column":2}},"4":{"start":{"line":6,"column":21},"end":{"line":6,"column":29}},"5":{"start":{"line":7,"column":4},"end":{"line":12,"column":5}},"6":{"start":{"line":8,"column":17},"end":{"line":8,"column":49}},"7":{"start":{"line":9,"column":4},"end":{"line":9,"column":31}},"8":{"start":{"line":11,"column":8},"end":{"line":11,"column":36}},"9":{"start":{"line":15,"column":19},"end":{"line":30,"column":2}},"10":{"start":{"line":15,"column":55},"end":{"line":30,"column":2}},"11":{"start":{"line":16,"column":21},"end":{"line":16,"column":39}},"12":{"start":{"line":17,"column":4},"end":{"line":29,"column":1}},"13":{"start":{"line":19,"column":22},"end":{"line":19,"column":63}},"14":{"start":{"line":20,"column":9},"end":{"line":20,"column":25}},"15":{"start":{"line":23,"column":4},"end":{"line":28,"column":5}},"16":{"start":{"line":24,"column":18},"end":{"line":24,"column":40}},"17":{"start":{"line":25,"column":4},"end":{"line":25,"column":32}},"18":{"start":{"line":27,"column":8},"end":{"line":27,"column":36}},"19":{"start":{"line":32,"column":19},"end":{"line":46,"column":2}},"20":{"start":{"line":32,"column":55},"end":{"line":46,"column":2}},"21":{"start":{"line":33,"column":19},"end":{"line":33,"column":29}},"22":{"start":{"line":34,"column":4},"end":{"line":45,"column":5}},"23":{"start":{"line":35,"column":17},"end":{"line":35,"column":45}},"24":{"start":{"line":36,"column":4},"end":{"line":42,"column":5}},"25":{"start":{"line":37,"column":8},"end":{"line":37,"column":47}},"26":{"start":{"line":41,"column":4},"end":{"line":41,"column":31}},"27":{"start":{"line":44,"column":8},"end":{"line":44,"column":36}},"28":{"start":{"line":48,"column":19},"end":{"line":70,"column":2}},"29":{"start":{"line":48,"column":55},"end":{"line":70,"column":2}},"30":{"start":{"line":49,"column":19},"end":{"line":49,"column":29}},"31":{"start":{"line":51,"column":4},"end":{"line":69,"column":5}},"32":{"start":{"line":53,"column":28},"end":{"line":57,"column":10}},"33":{"start":{"line":60,"column":8},"end":{"line":62,"column":9}},"34":{"start":{"line":61,"column":13},"end":{"line":61,"column":52}},"35":{"start":{"line":65,"column":9},"end":{"line":65,"column":43}},"36":{"start":{"line":68,"column":8},"end":{"line":68,"column":36}},"37":{"start":{"line":73,"column":18},"end":{"line":84,"column":2}},"38":{"start":{"line":73,"column":54},"end":{"line":84,"column":2}},"39":{"start":{"line":74,"column":19},"end":{"line":74,"column":29}},"40":{"start":{"line":75,"column":4},"end":{"line":83,"column":5}},"41":{"start":{"line":76,"column":21},"end":{"line":76,"column":58}},"42":{"start":{"line":77,"column":8},"end":{"line":79,"column":9}},"43":{"start":{"line":78,"column":12},"end":{"line":78,"column":51}},"44":{"start":{"line":80,"column":9},"end":{"line":80,"column":36}},"45":{"start":{"line":82,"column":8},"end":{"line":82,"column":36}},"46":{"start":{"line":86,"column":1},"end":{"line":93,"column":2}}},"fnMap":{"0":{"name":"(anonymous_8)","decl":{"start":{"line":5,"column":19},"end":{"line":5,"column":26}},"loc":{"start":{"line":5,"column":55},"end":{"line":13,"column":2}}},"1":{"name":"(anonymous_9)","decl":{"start":{"line":5,"column":55},"end":{"line":5,"column":null}},"loc":{"start":{"line":5,"column":55},"end":{"line":13,"column":1}}},"2":{"name":"(anonymous_10)","decl":{"start":{"line":15,"column":19},"end":{"line":15,"column":26}},"loc":{"start":{"line":15,"column":55},"end":{"line":30,"column":2}}},"3":{"name":"(anonymous_11)","decl":{"start":{"line":15,"column":55},"end":{"line":15,"column":null}},"loc":{"start":{"line":15,"column":55},"end":{"line":30,"column":1}}},"4":{"name":"(anonymous_12)","decl":{"start":{"line":32,"column":19},"end":{"line":32,"column":26}},"loc":{"start":{"line":32,"column":55},"end":{"line":46,"column":2}}},"5":{"name":"(anonymous_13)","decl":{"start":{"line":32,"column":55},"end":{"line":32,"column":null}},"loc":{"start":{"line":32,"column":55},"end":{"line":46,"column":1}}},"6":{"name":"(anonymous_14)","decl":{"start":{"line":48,"column":19},"end":{"line":48,"column":26}},"loc":{"start":{"line":48,"column":55},"end":{"line":70,"column":2}}},"7":{"name":"(anonymous_15)","decl":{"start":{"line":48,"column":55},"end":{"line":48,"column":null}},"loc":{"start":{"line":48,"column":55},"end":{"line":70,"column":1}}},"8":{"name":"(anonymous_16)","decl":{"start":{"line":73,"column":18},"end":{"line":73,"column":25}},"loc":{"start":{"line":73,"column":54},"end":{"line":84,"column":2}}},"9":{"name":"(anonymous_17)","decl":{"start":{"line":73,"column":54},"end":{"line":73,"column":null}},"loc":{"start":{"line":73,"column":54},"end":{"line":84,"column":1}}}},"branchMap":{"0":{"loc":{"start":{"line":17,"column":4},"end":{"line":29,"column":1}},"type":"if","locations":[{"start":{"line":17,"column":4},"end":{"line":29,"column":1}},{"start":{"line":22,"column":8},"end":{"line":29,"column":1}}]},"1":{"loc":{"start":{"line":36,"column":4},"end":{"line":42,"column":5}},"type":"if","locations":[{"start":{"line":36,"column":4},"end":{"line":42,"column":5}},{"start":{"line":40,"column":4},"end":{"line":42,"column":5}}]},"2":{"loc":{"start":{"line":60,"column":8},"end":{"line":62,"column":9}},"type":"if","locations":[{"start":{"line":60,"column":8},"end":{"line":62,"column":9}}]},"3":{"loc":{"start":{"line":77,"column":8},"end":{"line":79,"column":9}},"type":"if","locations":[{"start":{"line":77,"column":8},"end":{"line":79,"column":9}}]}},"s":{"0":3,"1":3,"2":3,"3":4,"4":4,"5":4,"6":4,"7":3,"8":1,"9":3,"10":3,"11":3,"12":3,"13":1,"14":1,"15":2,"16":2,"17":2,"18":0,"19":3,"20":2,"21":2,"22":2,"23":2,"24":2,"25":1,"26":1,"27":0,"28":3,"29":2,"30":2,"31":2,"32":2,"33":1,"34":0,"35":1,"36":1,"37":3,"38":1,"39":1,"40":1,"41":1,"42":1,"43":0,"44":1,"45":0,"46":3},"f":{"0":4,"1":4,"2":3,"3":3,"4":2,"5":2,"6":2,"7":2,"8":1,"9":1},"b":{"0":[1,2],"1":[1,1],"2":[0],"3":[0]}}
,"C:\\Users\\Natanel\\Downloads\\N.E\\לימודים\\שנה ג\\נושאים מתקדמים באפליקציות אינטרנטיות\\assignment2\\Assign1e\\model\\comment.ts": {"path":"C:\\Users\\Natanel\\Downloads\\N.E\\לימודים\\שנה ג\\נושאים מתקדמים באפליקציות אינטרנטיות\\assignment2\\Assign1e\\model\\comment.ts","statementMap":{"0":{"start":{"line":1,"column":0},"end":{"line":1,"column":32}},"1":{"start":{"line":2,"column":22},"end":{"line":12,"column":2}},"2":{"start":{"line":13,"column":21},"end":{"line":13,"column":61}},"3":{"start":{"line":14,"column":0},"end":{"line":14,"column":28}}},"fnMap":{},"branchMap":{},"s":{"0":3,"1":3,"2":3,"3":3},"f":{},"b":{}}
,"C:\\Users\\Natanel\\Downloads\\N.E\\לימודים\\שנה ג\\נושאים מתקדמים באפליקציות אינטרנטיות\\assignment2\\Assign1e\\model\\post.ts": {"path":"C:\\Users\\Natanel\\Downloads\\N.E\\לימודים\\שנה ג\\נושאים מתקדמים באפליקציות אינטרנטיות\\assignment2\\Assign1e\\model\\post.ts","statementMap":{"0":{"start":{"line":1,"column":0},"end":{"line":1,"column":32}},"1":{"start":{"line":3,"column":19},"end":{"line":15,"column":2}},"2":{"start":{"line":17,"column":18},"end":{"line":17,"column":52}},"3":{"start":{"line":18,"column":0},"end":{"line":18,"column":25}}},"fnMap":{},"branchMap":{},"s":{"0":3,"1":3,"2":3,"3":3},"f":{},"b":{}}
,"C:\\Users\\Natanel\\Downloads\\N.E\\לימודים\\שנה ג\\נושאים מתקדמים באפליקציות אינטרנטיות\\assignment2\\Assign1e\\model\\user.ts": {"path":"C:\\Users\\Natanel\\Downloads\\N.E\\לימודים\\שנה ג\\נושאים מתקדמים באפליקציות אינטרנטיות\\assignment2\\Assign1e\\model\\user.ts","statementMap":{"0":{"start":{"line":1,"column":0},"end":{"line":1,"column":32}},"1":{"start":{"line":10,"column":19},"end":{"line":24,"column":2}},"2":{"start":{"line":26,"column":18},"end":{"line":26,"column":64}},"3":{"start":{"line":28,"column":0},"end":{"line":28,"column":25}}},"fnMap":{},"branchMap":{},"s":{"0":3,"1":3,"2":3,"3":3},"f":{},"b":{}}
,"C:\\Users\\Natanel\\Downloads\\N.E\\לימודים\\שנה ג\\נושאים מתקדמים באפליקציות אינטרנטיות\\assignment2\\Assign1e\\routes\\authRoutes.ts": {"path":"C:\\Users\\Natanel\\Downloads\\N.E\\לימודים\\שנה ג\\נושאים מתקדמים באפליקציות אינטרנטיות\\assignment2\\Assign1e\\routes\\authRoutes.ts","statementMap":{"0":{"start":{"line":1,"column":0},"end":{"line":1,"column":30}},"1":{"start":{"line":2,"column":0},"end":{"line":2,"column":58}},"2":{"start":{"line":3,"column":15},"end":{"line":3,"column":31}},"3":{"start":{"line":5,"column":0},"end":{"line":5,"column":49}},"4":{"start":{"line":7,"column":0},"end":{"line":7,"column":43}},"5":{"start":{"line":10,"column":0},"end":{"line":10,"column":22}}},"fnMap":{},"branchMap":{},"s":{"0":3,"1":3,"2":3,"3":3,"4":3,"5":3},"f":{},"b":{}}
,"C:\\Users\\Natanel\\Downloads\\N.E\\לימודים\\שנה ג\\נושאים מתקדמים באפליקציות אינטרנטיות\\assignment2\\Assign1e\\routes\\commentRoutes.ts": {"path":"C:\\Users\\Natanel\\Downloads\\N.E\\לימודים\\שנה ג\\נושאים מתקדמים באפליקציות אינטרנטיות\\assignment2\\Assign1e\\routes\\commentRoutes.ts","statementMap":{"0":{"start":{"line":1,"column":0},"end":{"line":1,"column":30}},"1":{"start":{"line":2,"column":0},"end":{"line":2,"column":64}},"2":{"start":{"line":3,"column":15},"end":{"line":3,"column":31}},"3":{"start":{"line":5,"column":0},"end":{"line":5,"column":60}},"4":{"start":{"line":7,"column":0},"end":{"line":7,"column":66}},"5":{"start":{"line":8,"column":0},"end":{"line":8,"column":50}},"6":{"start":{"line":9,"column":0},"end":{"line":9,"column":68}},"7":{"start":{"line":10,"column":0},"end":{"line":10,"column":71}},"8":{"start":{"line":11,"column":0},"end":{"line":11,"column":53}},"9":{"start":{"line":14,"column":0},"end":{"line":14,"column":22}}},"fnMap":{},"branchMap":{},"s":{"0":3,"1":3,"2":3,"3":3,"4":3,"5":3,"6":3,"7":3,"8":3,"9":3},"f":{},"b":{}}
,"C:\\Users\\Natanel\\Downloads\\N.E\\לימודים\\שנה ג\\נושאים מתקדמים באפליקציות אינטרנטיות\\assignment2\\Assign1e\\routes\\postRoutes.ts": {"path":"C:\\Users\\Natanel\\Downloads\\N.E\\לימודים\\שנה ג\\נושאים מתקדמים באפליקציות אינטרנטיות\\assignment2\\Assign1e\\routes\\postRoutes.ts","statementMap":{"0":{"start":{"line":1,"column":0},"end":{"line":1,"column":31}},"1":{"start":{"line":2,"column":15},"end":{"line":2,"column":31}},"2":{"start":{"line":3,"column":0},"end":{"line":3,"column":58}},"3":{"start":{"line":4,"column":0},"end":{"line":4,"column":60}},"4":{"start":{"line":6,"column":0},"end":{"line":6,"column":60}},"5":{"start":{"line":7,"column":0},"end":{"line":7,"column":44}},"6":{"start":{"line":8,"column":0},"end":{"line":8,"column":47}},"7":{"start":{"line":9,"column":0},"end":{"line":9,"column":61}},"8":{"start":{"line":10,"column":0},"end":{"line":10,"column":64}},"9":{"start":{"line":12,"column":0},"end":{"line":12,"column":22}}},"fnMap":{},"branchMap":{},"s":{"0":3,"1":3,"2":3,"3":3,"4":3,"5":3,"6":3,"7":3,"8":3,"9":3},"f":{},"b":{}}
}
