{"C:\\Users\\ofeks\\לימודים\\שנה ג'\\נושאים מתקדמים באפליקציות אינטרנטיות\\assign2\\assign2e\\server.ts": {"path":"C:\\Users\\ofeks\\לימודים\\שנה ג'\\נושאים מתקדמים באפליקציות אינטרנטיות\\assign2\\assign2e\\server.ts","statementMap":{"0":{"start":{"line":1,"column":0},"end":{"line":1,"column":28}},"1":{"start":{"line":2,"column":0},"end":{"line":2,"column":37}},"2":{"start":{"line":3,"column":0},"end":{"line":3,"column":32}},"3":{"start":{"line":4,"column":0},"end":{"line":4,"column":43}},"4":{"start":{"line":5,"column":0},"end":{"line":5,"column":45}},"5":{"start":{"line":6,"column":0},"end":{"line":6,"column":51}},"6":{"start":{"line":7,"column":0},"end":{"line":7,"column":45}},"7":{"start":{"line":8,"column":0},"end":{"line":8,"column":42}},"8":{"start":{"line":9,"column":0},"end":{"line":9,"column":40}},"9":{"start":{"line":10,"column":0},"end":{"line":10,"column":16}},"10":{"start":{"line":11,"column":12},"end":{"line":11,"column":21}},"11":{"start":{"line":13,"column":0},"end":{"line":13,"column":27}},"12":{"start":{"line":14,"column":0},"end":{"line":14,"column":51}},"13":{"start":{"line":15,"column":0},"end":{"line":15,"column":30}},"14":{"start":{"line":16,"column":0},"end":{"line":16,"column":35}},"15":{"start":{"line":17,"column":0},"end":{"line":17,"column":29}},"16":{"start":{"line":19,"column":0},"end":{"line":35,"column":1}},"17":{"start":{"line":20,"column":17},"end":{"line":32,"column":3}},"18":{"start":{"line":33,"column":15},"end":{"line":33,"column":36}},"19":{"start":{"line":34,"column":1},"end":{"line":34,"column":63}},"20":{"start":{"line":38,"column":12},"end":{"line":38,"column":31}},"21":{"start":{"line":39,"column":0},"end":{"line":39,"column":51}},"22":{"start":{"line":39,"column":29},"end":{"line":39,"column":49}},"23":{"start":{"line":40,"column":0},"end":{"line":40,"column":63}},"24":{"start":{"line":40,"column":25},"end":{"line":40,"column":61}},"25":{"start":{"line":43,"column":16},"end":{"line":57,"column":1}},"26":{"start":{"line":44,"column":4},"end":{"line":56,"column":7}},"27":{"start":{"line":45,"column":8},"end":{"line":55,"column":9}},"28":{"start":{"line":46,"column":12},"end":{"line":46,"column":65}},"29":{"start":{"line":49,"column":12},"end":{"line":54,"column":15}},"30":{"start":{"line":51,"column":16},"end":{"line":51,"column":29}},"31":{"start":{"line":53,"column":16},"end":{"line":53,"column":28}},"32":{"start":{"line":58,"column":0},"end":{"line":58,"column":23}}},"fnMap":{"0":{"name":"(anonymous_1)","decl":{"start":{"line":39,"column":18},"end":{"line":39,"column":19}},"loc":{"start":{"line":39,"column":29},"end":{"line":39,"column":49}}},"1":{"name":"(anonymous_2)","decl":{"start":{"line":40,"column":19},"end":{"line":40,"column":22}},"loc":{"start":{"line":40,"column":25},"end":{"line":40,"column":61}}},"2":{"name":"(anonymous_3)","decl":{"start":{"line":43,"column":16},"end":{"line":43,"column":18}},"loc":{"start":{"line":43,"column":20},"end":{"line":57,"column":1}}},"3":{"name":"(anonymous_4)","decl":{"start":{"line":44,"column":33},"end":{"line":44,"column":34}},"loc":{"start":{"line":44,"column":53},"end":{"line":56,"column":5}}},"4":{"name":"(anonymous_5)","decl":{"start":{"line":50,"column":18},"end":{"line":50,"column":21}},"loc":{"start":{"line":50,"column":23},"end":{"line":52,"column":13}}},"5":{"name":"(anonymous_6)","decl":{"start":{"line":52,"column":21},"end":{"line":52,"column":22}},"loc":{"start":{"line":52,"column":29},"end":{"line":54,"column":13}}}},"branchMap":{"0":{"loc":{"start":{"line":19,"column":0},"end":{"line":35,"column":1}},"type":"if","locations":[{"start":{"line":19,"column":0},"end":{"line":35,"column":1}}]},"1":{"loc":{"start":{"line":45,"column":8},"end":{"line":55,"column":9}},"type":"if","locations":[{"start":{"line":45,"column":8},"end":{"line":55,"column":9}},{"start":{"line":48,"column":13},"end":{"line":55,"column":9}}]}},"s":{"0":3,"1":3,"2":3,"3":3,"4":3,"5":3,"6":3,"7":3,"8":3,"9":3,"10":3,"11":3,"12":3,"13":3,"14":3,"15":3,"16":3,"17":0,"18":0,"19":0,"20":3,"21":3,"22":0,"23":3,"24":3,"25":3,"26":3,"27":3,"28":0,"29":3,"30":3,"31":0,"32":3},"f":{"0":0,"1":3,"2":3,"3":3,"4":3,"5":0},"b":{"0":[0],"1":[0,3]}}
,"C:\\Users\\ofeks\\לימודים\\שנה ג'\\נושאים מתקדמים באפליקציות אינטרנטיות\\assign2\\assign2e\\controller\\authController.ts": {"path":"C:\\Users\\ofeks\\לימודים\\שנה ג'\\נושאים מתקדמים באפליקציות אינטרנטיות\\assign2\\assign2e\\controller\\authController.ts","statementMap":{"0":{"start":{"line":2,"column":0},"end":{"line":2,"column":28}},"1":{"start":{"line":4,"column":0},"end":{"line":4,"column":31}},"2":{"start":{"line":6,"column":0},"end":{"line":6,"column":53}},"3":{"start":{"line":8,"column":17},"end":{"line":34,"column":null}},"4":{"start":{"line":8,"column":55},"end":{"line":34,"column":null}},"5":{"start":{"line":9,"column":28},"end":{"line":9,"column":36}},"6":{"start":{"line":10,"column":17},"end":{"line":10,"column":31}},"7":{"start":{"line":11,"column":20},"end":{"line":11,"column":37}},"8":{"start":{"line":12,"column":16},"end":{"line":12,"column":40}},"9":{"start":{"line":14,"column":4},"end":{"line":19,"column":5}},"10":{"start":{"line":15,"column":8},"end":{"line":15,"column":57}},"11":{"start":{"line":18,"column":8},"end":{"line":18,"column":26}},"12":{"start":{"line":20,"column":22},"end":{"line":20,"column":60}},"13":{"start":{"line":21,"column":4},"end":{"line":24,"column":5}},"14":{"start":{"line":22,"column":8},"end":{"line":22,"column":52}},"15":{"start":{"line":23,"column":8},"end":{"line":23,"column":15}},"16":{"start":{"line":25,"column":4},"end":{"line":33,"column":5}},"17":{"start":{"line":26,"column":26},"end":{"line":29,"column":10}},"18":{"start":{"line":30,"column":8},"end":{"line":30,"column":40}},"19":{"start":{"line":32,"column":8},"end":{"line":32,"column":36}},"20":{"start":{"line":40,"column":22},"end":{"line":63,"column":1}},"21":{"start":{"line":41,"column":4},"end":{"line":43,"column":5}},"22":{"start":{"line":42,"column":8},"end":{"line":42,"column":20}},"23":{"start":{"line":45,"column":19},"end":{"line":45,"column":43}},"24":{"start":{"line":46,"column":24},"end":{"line":52,"column":49}},"25":{"start":{"line":53,"column":25},"end":{"line":58,"column":56}},"26":{"start":{"line":59,"column":4},"end":{"line":62,"column":6}},"27":{"start":{"line":64,"column":14},"end":{"line":109,"column":2}},"28":{"start":{"line":64,"column":52},"end":{"line":109,"column":2}},"29":{"start":{"line":65,"column":4},"end":{"line":108,"column":5}},"30":{"start":{"line":66,"column":28},"end":{"line":66,"column":36}},"31":{"start":{"line":67,"column":17},"end":{"line":67,"column":31}},"32":{"start":{"line":68,"column":20},"end":{"line":68,"column":37}},"33":{"start":{"line":69,"column":21},"end":{"line":70,"column":6}},"34":{"start":{"line":71,"column":4},"end":{"line":103,"column":9}},"35":{"start":{"line":72,"column":8},"end":{"line":72,"column":65}},"36":{"start":{"line":73,"column":8},"end":{"line":73,"column":15}},"37":{"start":{"line":76,"column":29},"end":{"line":76,"column":79}},"38":{"start":{"line":77,"column":8},"end":{"line":80,"column":9}},"39":{"start":{"line":78,"column":12},"end":{"line":78,"column":69}},"40":{"start":{"line":79,"column":12},"end":{"line":79,"column":19}},"41":{"start":{"line":81,"column":8},"end":{"line":84,"column":9}},"42":{"start":{"line":82,"column":12},"end":{"line":82,"column":49}},"43":{"start":{"line":83,"column":12},"end":{"line":83,"column":19}},"44":{"start":{"line":85,"column":21},"end":{"line":85,"column":50}},"45":{"start":{"line":86,"column":8},"end":{"line":89,"column":9}},"46":{"start":{"line":87,"column":12},"end":{"line":87,"column":49}},"47":{"start":{"line":88,"column":12},"end":{"line":88,"column":19}},"48":{"start":{"line":90,"column":8},"end":{"line":92,"column":9}},"49":{"start":{"line":91,"column":12},"end":{"line":91,"column":41}},"50":{"start":{"line":93,"column":8},"end":{"line":93,"column":58}},"51":{"start":{"line":94,"column":8},"end":{"line":94,"column":32}},"52":{"start":{"line":95,"column":8},"end":{"line":100,"column":15}},"53":{"start":{"line":107,"column":8},"end":{"line":107,"column":34}},"54":{"start":{"line":114,"column":30},"end":{"line":136,"column":null}},"55":{"start":{"line":114,"column":88},"end":{"line":136,"column":null}},"56":{"start":{"line":115,"column":23},"end":{"line":115,"column":50}},"57":{"start":{"line":116,"column":18},"end":{"line":116,"column":56}},"58":{"start":{"line":117,"column":4},"end":{"line":120,"column":5}},"59":{"start":{"line":118,"column":8},"end":{"line":118,"column":28}},"60":{"start":{"line":119,"column":8},"end":{"line":119,"column":15}},"61":{"start":{"line":121,"column":4},"end":{"line":124,"column":5}},"62":{"start":{"line":122,"column":8},"end":{"line":122,"column":45}},"63":{"start":{"line":123,"column":8},"end":{"line":123,"column":15}},"64":{"start":{"line":127,"column":4},"end":{"line":135,"column":7}},"65":{"start":{"line":129,"column":8},"end":{"line":132,"column":9}},"66":{"start":{"line":130,"column":12},"end":{"line":130,"column":49}},"67":{"start":{"line":131,"column":12},"end":{"line":131,"column":19}},"68":{"start":{"line":133,"column":8},"end":{"line":133,"column":53}},"69":{"start":{"line":134,"column":8},"end":{"line":134,"column":15}},"70":{"start":{"line":114,"column":13},"end":{"line":114,"column":30}},"71":{"start":{"line":143,"column":27},"end":{"line":185,"column":1}},"72":{"start":{"line":144,"column":4},"end":{"line":184,"column":7}},"73":{"start":{"line":146,"column":8},"end":{"line":149,"column":9}},"74":{"start":{"line":147,"column":12},"end":{"line":147,"column":27}},"75":{"start":{"line":148,"column":12},"end":{"line":148,"column":19}},"76":{"start":{"line":151,"column":8},"end":{"line":154,"column":9}},"77":{"start":{"line":152,"column":12},"end":{"line":152,"column":27}},"78":{"start":{"line":153,"column":12},"end":{"line":153,"column":19}},"79":{"start":{"line":155,"column":8},"end":{"line":183,"column":11}},"80":{"start":{"line":155,"column":92},"end":{"line":183,"column":10}},"81":{"start":{"line":156,"column":12},"end":{"line":159,"column":13}},"82":{"start":{"line":157,"column":16},"end":{"line":157,"column":31}},"83":{"start":{"line":158,"column":16},"end":{"line":158,"column":22}},"84":{"start":{"line":161,"column":27},"end":{"line":161,"column":38}},"85":{"start":{"line":162,"column":12},"end":{"line":182,"column":13}},"86":{"start":{"line":164,"column":29},"end":{"line":164,"column":61}},"87":{"start":{"line":165,"column":16},"end":{"line":168,"column":17}},"88":{"start":{"line":166,"column":20},"end":{"line":166,"column":35}},"89":{"start":{"line":167,"column":20},"end":{"line":167,"column":27}},"90":{"start":{"line":169,"column":16},"end":{"line":174,"column":17}},"91":{"start":{"line":170,"column":20},"end":{"line":170,"column":43}},"92":{"start":{"line":171,"column":20},"end":{"line":171,"column":38}},"93":{"start":{"line":172,"column":20},"end":{"line":172,"column":35}},"94":{"start":{"line":173,"column":20},"end":{"line":173,"column":27}},"95":{"start":{"line":175,"column":31},"end":{"line":175,"column":91}},"96":{"start":{"line":175,"column":68},"end":{"line":175,"column":90}},"97":{"start":{"line":176,"column":16},"end":{"line":176,"column":43}},"98":{"start":{"line":178,"column":16},"end":{"line":178,"column":30}},"99":{"start":{"line":180,"column":16},"end":{"line":180,"column":31}},"100":{"start":{"line":181,"column":16},"end":{"line":181,"column":23}},"101":{"start":{"line":186,"column":15},"end":{"line":199,"column":null}},"102":{"start":{"line":186,"column":53},"end":{"line":199,"column":null}},"103":{"start":{"line":187,"column":4},"end":{"line":198,"column":5}},"104":{"start":{"line":188,"column":21},"end":{"line":188,"column":62}},"105":{"start":{"line":189,"column":8},"end":{"line":192,"column":9}},"106":{"start":{"line":190,"column":12},"end":{"line":190,"column":41}},"107":{"start":{"line":191,"column":12},"end":{"line":191,"column":19}},"108":{"start":{"line":193,"column":8},"end":{"line":193,"column":31}},"109":{"start":{"line":194,"column":8},"end":{"line":194,"column":26}},"110":{"start":{"line":195,"column":8},"end":{"line":195,"column":40}},"111":{"start":{"line":197,"column":8},"end":{"line":197,"column":37}},"112":{"start":{"line":200,"column":16},"end":{"line":227,"column":null}},"113":{"start":{"line":200,"column":54},"end":{"line":227,"column":null}},"114":{"start":{"line":201,"column":4},"end":{"line":226,"column":5}},"115":{"start":{"line":202,"column":21},"end":{"line":202,"column":68}},"116":{"start":{"line":203,"column":8},"end":{"line":206,"column":9}},"117":{"start":{"line":204,"column":12},"end":{"line":204,"column":41}},"118":{"start":{"line":205,"column":12},"end":{"line":205,"column":19}},"119":{"start":{"line":207,"column":23},"end":{"line":207,"column":46}},"120":{"start":{"line":208,"column":8},"end":{"line":211,"column":9}},"121":{"start":{"line":209,"column":12},"end":{"line":209,"column":49}},"122":{"start":{"line":210,"column":12},"end":{"line":210,"column":19}},"123":{"start":{"line":212,"column":8},"end":{"line":214,"column":9}},"124":{"start":{"line":213,"column":12},"end":{"line":213,"column":35}},"125":{"start":{"line":215,"column":8},"end":{"line":215,"column":52}},"126":{"start":{"line":216,"column":8},"end":{"line":216,"column":26}},"127":{"start":{"line":217,"column":8},"end":{"line":222,"column":15}},"128":{"start":{"line":225,"column":8},"end":{"line":225,"column":37}},"129":{"start":{"line":228,"column":0},"end":{"line":233,"column":2}}},"fnMap":{"0":{"name":"(anonymous_8)","decl":{"start":{"line":8,"column":17},"end":{"line":8,"column":24}},"loc":{"start":{"line":8,"column":55},"end":{"line":34,"column":null}}},"1":{"name":"(anonymous_9)","decl":{"start":{"line":8,"column":55},"end":{"line":8,"column":null}},"loc":{"start":{"line":8,"column":55},"end":{"line":34,"column":1}}},"2":{"name":"(anonymous_10)","decl":{"start":{"line":40,"column":22},"end":{"line":40,"column":23}},"loc":{"start":{"line":40,"column":57},"end":{"line":63,"column":1}}},"3":{"name":"(anonymous_11)","decl":{"start":{"line":64,"column":14},"end":{"line":64,"column":21}},"loc":{"start":{"line":64,"column":52},"end":{"line":109,"column":2}}},"4":{"name":"(anonymous_12)","decl":{"start":{"line":64,"column":52},"end":{"line":64,"column":null}},"loc":{"start":{"line":64,"column":52},"end":{"line":109,"column":1}}},"5":{"name":"(anonymous_13)","decl":{"start":{"line":114,"column":30},"end":{"line":114,"column":37}},"loc":{"start":{"line":114,"column":88},"end":{"line":136,"column":null}}},"6":{"name":"(anonymous_14)","decl":{"start":{"line":114,"column":88},"end":{"line":114,"column":null}},"loc":{"start":{"line":114,"column":88},"end":{"line":136,"column":1}}},"7":{"name":"(anonymous_15)","decl":{"start":{"line":127,"column":48},"end":{"line":127,"column":49}},"loc":{"start":{"line":127,"column":65},"end":{"line":135,"column":5}}},"8":{"name":"(anonymous_16)","decl":{"start":{"line":143,"column":27},"end":{"line":143,"column":28}},"loc":{"start":{"line":143,"column":64},"end":{"line":185,"column":1}}},"9":{"name":"(anonymous_17)","decl":{"start":{"line":144,"column":30},"end":{"line":144,"column":31}},"loc":{"start":{"line":144,"column":50},"end":{"line":184,"column":5}}},"10":{"name":"(anonymous_18)","decl":{"start":{"line":155,"column":59},"end":{"line":155,"column":66}},"loc":{"start":{"line":155,"column":92},"end":{"line":183,"column":10}}},"11":{"name":"(anonymous_19)","decl":{"start":{"line":155,"column":92},"end":{"line":155,"column":null}},"loc":{"start":{"line":155,"column":92},"end":{"line":183,"column":9}}},"12":{"name":"(anonymous_20)","decl":{"start":{"line":175,"column":57},"end":{"line":175,"column":58}},"loc":{"start":{"line":175,"column":68},"end":{"line":175,"column":90}}},"13":{"name":"(anonymous_21)","decl":{"start":{"line":186,"column":15},"end":{"line":186,"column":22}},"loc":{"start":{"line":186,"column":53},"end":{"line":199,"column":null}}},"14":{"name":"(anonymous_22)","decl":{"start":{"line":186,"column":53},"end":{"line":186,"column":null}},"loc":{"start":{"line":186,"column":53},"end":{"line":199,"column":1}}},"15":{"name":"(anonymous_23)","decl":{"start":{"line":200,"column":16},"end":{"line":200,"column":23}},"loc":{"start":{"line":200,"column":54},"end":{"line":227,"column":null}}},"16":{"name":"(anonymous_24)","decl":{"start":{"line":200,"column":54},"end":{"line":200,"column":null}},"loc":{"start":{"line":200,"column":54},"end":{"line":227,"column":1}}}},"branchMap":{"0":{"loc":{"start":{"line":14,"column":4},"end":{"line":19,"column":5}},"type":"if","locations":[{"start":{"line":14,"column":4},"end":{"line":19,"column":5}},{"start":{"line":17,"column":8},"end":{"line":19,"column":5}}]},"1":{"loc":{"start":{"line":21,"column":4},"end":{"line":24,"column":5}},"type":"if","locations":[{"start":{"line":21,"column":4},"end":{"line":24,"column":5}}]},"2":{"loc":{"start":{"line":41,"column":4},"end":{"line":43,"column":5}},"type":"if","locations":[{"start":{"line":41,"column":4},"end":{"line":43,"column":5}}]},"3":{"loc":{"start":{"line":71,"column":4},"end":{"line":103,"column":9}},"type":"if","locations":[{"start":{"line":71,"column":4},"end":{"line":103,"column":9}},{"start":{"line":75,"column":8},"end":{"line":103,"column":9}}]},"4":{"loc":{"start":{"line":77,"column":8},"end":{"line":80,"column":9}},"type":"if","locations":[{"start":{"line":77,"column":8},"end":{"line":80,"column":9}}]},"5":{"loc":{"start":{"line":81,"column":8},"end":{"line":84,"column":9}},"type":"if","locations":[{"start":{"line":81,"column":8},"end":{"line":84,"column":9}}]},"6":{"loc":{"start":{"line":86,"column":8},"end":{"line":89,"column":9}},"type":"if","locations":[{"start":{"line":86,"column":8},"end":{"line":89,"column":9}}]},"7":{"loc":{"start":{"line":90,"column":8},"end":{"line":92,"column":9}},"type":"if","locations":[{"start":{"line":90,"column":8},"end":{"line":92,"column":9}}]},"8":{"loc":{"start":{"line":116,"column":18},"end":{"line":116,"column":56}},"type":"binary-expr","locations":[{"start":{"line":116,"column":18},"end":{"line":116,"column":28}},{"start":{"line":116,"column":32},"end":{"line":116,"column":56}}]},"9":{"loc":{"start":{"line":117,"column":4},"end":{"line":120,"column":5}},"type":"if","locations":[{"start":{"line":117,"column":4},"end":{"line":120,"column":5}}]},"10":{"loc":{"start":{"line":121,"column":4},"end":{"line":124,"column":5}},"type":"if","locations":[{"start":{"line":121,"column":4},"end":{"line":124,"column":5}}]},"11":{"loc":{"start":{"line":129,"column":8},"end":{"line":132,"column":9}},"type":"if","locations":[{"start":{"line":129,"column":8},"end":{"line":132,"column":9}}]},"12":{"loc":{"start":{"line":146,"column":8},"end":{"line":149,"column":9}},"type":"if","locations":[{"start":{"line":146,"column":8},"end":{"line":149,"column":9}}]},"13":{"loc":{"start":{"line":151,"column":8},"end":{"line":154,"column":9}},"type":"if","locations":[{"start":{"line":151,"column":8},"end":{"line":154,"column":9}}]},"14":{"loc":{"start":{"line":156,"column":12},"end":{"line":159,"column":13}},"type":"if","locations":[{"start":{"line":156,"column":12},"end":{"line":159,"column":13}}]},"15":{"loc":{"start":{"line":165,"column":16},"end":{"line":168,"column":17}},"type":"if","locations":[{"start":{"line":165,"column":16},"end":{"line":168,"column":17}}]},"16":{"loc":{"start":{"line":169,"column":16},"end":{"line":174,"column":17}},"type":"if","locations":[{"start":{"line":169,"column":16},"end":{"line":174,"column":17}}]},"17":{"loc":{"start":{"line":169,"column":20},"end":{"line":169,"column":83}},"type":"binary-expr","locations":[{"start":{"line":169,"column":20},"end":{"line":169,"column":38}},{"start":{"line":169,"column":42},"end":{"line":169,"column":83}}]},"18":{"loc":{"start":{"line":189,"column":8},"end":{"line":192,"column":9}},"type":"if","locations":[{"start":{"line":189,"column":8},"end":{"line":192,"column":9}}]},"19":{"loc":{"start":{"line":203,"column":8},"end":{"line":206,"column":9}},"type":"if","locations":[{"start":{"line":203,"column":8},"end":{"line":206,"column":9}}]},"20":{"loc":{"start":{"line":208,"column":8},"end":{"line":211,"column":9}},"type":"if","locations":[{"start":{"line":208,"column":8},"end":{"line":211,"column":9}}]},"21":{"loc":{"start":{"line":212,"column":8},"end":{"line":214,"column":9}},"type":"if","locations":[{"start":{"line":212,"column":8},"end":{"line":214,"column":9}}]}},"s":{"0":3,"1":3,"2":3,"3":3,"4":6,"5":6,"6":6,"7":6,"8":6,"9":6,"10":5,"11":1,"12":6,"13":6,"14":1,"15":1,"16":5,"17":5,"18":3,"19":2,"20":3,"21":9,"22":0,"23":9,"24":9,"25":9,"26":9,"27":3,"28":11,"29":11,"30":11,"31":11,"32":11,"33":11,"34":10,"35":2,"36":2,"37":8,"38":8,"39":1,"40":1,"41":7,"42":1,"43":1,"44":6,"45":6,"46":0,"47":0,"48":6,"49":0,"50":6,"51":6,"52":6,"53":1,"54":3,"55":14,"56":14,"57":14,"58":14,"59":1,"60":1,"61":13,"62":0,"63":0,"64":13,"65":13,"66":1,"67":1,"68":12,"69":12,"70":3,"71":3,"72":8,"73":8,"74":1,"75":1,"76":7,"77":0,"78":0,"79":7,"80":7,"81":7,"82":1,"83":1,"84":6,"85":6,"86":6,"87":6,"88":0,"89":0,"90":6,"91":3,"92":3,"93":3,"94":3,"95":3,"96":5,"97":3,"98":3,"99":0,"100":0,"101":3,"102":1,"103":1,"104":1,"105":1,"106":0,"107":0,"108":1,"109":1,"110":1,"111":0,"112":3,"113":8,"114":8,"115":8,"116":3,"117":0,"118":0,"119":3,"120":3,"121":0,"122":0,"123":3,"124":0,"125":3,"126":3,"127":3,"128":5,"129":3},"f":{"0":6,"1":6,"2":9,"3":11,"4":11,"5":14,"6":14,"7":13,"8":8,"9":8,"10":7,"11":7,"12":5,"13":1,"14":1,"15":8,"16":8},"b":{"0":[5,1],"1":[1],"2":[0],"3":[2,8],"4":[1],"5":[1],"6":[0],"7":[0],"8":[14,13],"9":[1],"10":[0],"11":[1],"12":[1],"13":[0],"14":[1],"15":[0],"16":[3],"17":[6,6],"18":[0],"19":[0],"20":[0],"21":[0]}}
,"C:\\Users\\ofeks\\לימודים\\שנה ג'\\נושאים מתקדמים באפליקציות אינטרנטיות\\assign2\\assign2e\\controller\\commentController.ts": {"path":"C:\\Users\\ofeks\\לימודים\\שנה ג'\\נושאים מתקדמים באפליקציות אינטרנטיות\\assign2\\assign2e\\controller\\commentController.ts","statementMap":{"0":{"start":{"line":1,"column":0},"end":{"line":1,"column":44}},"1":{"start":{"line":4,"column":22},"end":{"line":12,"column":null}},"2":{"start":{"line":4,"column":58},"end":{"line":12,"column":null}},"3":{"start":{"line":5,"column":24},"end":{"line":5,"column":32}},"4":{"start":{"line":6,"column":4},"end":{"line":11,"column":5}},"5":{"start":{"line":7,"column":29},"end":{"line":7,"column":67}},"6":{"start":{"line":8,"column":8},"end":{"line":8,"column":43}},"7":{"start":{"line":10,"column":8},"end":{"line":10,"column":36}},"8":{"start":{"line":14,"column":22},"end":{"line":28,"column":6}},"9":{"start":{"line":14,"column":58},"end":{"line":28,"column":6}},"10":{"start":{"line":15,"column":18},"end":{"line":15,"column":34}},"11":{"start":{"line":16,"column":4},"end":{"line":27,"column":5}},"12":{"start":{"line":17,"column":22},"end":{"line":17,"column":62}},"13":{"start":{"line":18,"column":8},"end":{"line":18,"column":26}},"14":{"start":{"line":21,"column":4},"end":{"line":26,"column":9}},"15":{"start":{"line":22,"column":25},"end":{"line":22,"column":50}},"16":{"start":{"line":23,"column":8},"end":{"line":23,"column":39}},"17":{"start":{"line":25,"column":8},"end":{"line":25,"column":36}},"18":{"start":{"line":30,"column":21},"end":{"line":44,"column":2}},"19":{"start":{"line":30,"column":57},"end":{"line":44,"column":2}},"20":{"start":{"line":31,"column":17},"end":{"line":31,"column":27}},"21":{"start":{"line":32,"column":24},"end":{"line":32,"column":32}},"22":{"start":{"line":33,"column":4},"end":{"line":43,"column":5}},"23":{"start":{"line":34,"column":24},"end":{"line":34,"column":94}},"24":{"start":{"line":36,"column":8},"end":{"line":38,"column":9}},"25":{"start":{"line":37,"column":12},"end":{"line":37,"column":54}},"26":{"start":{"line":39,"column":9},"end":{"line":39,"column":39}},"27":{"start":{"line":42,"column":8},"end":{"line":42,"column":24}},"28":{"start":{"line":46,"column":21},"end":{"line":57,"column":2}},"29":{"start":{"line":46,"column":57},"end":{"line":57,"column":2}},"30":{"start":{"line":47,"column":19},"end":{"line":47,"column":29}},"31":{"start":{"line":48,"column":4},"end":{"line":56,"column":5}},"32":{"start":{"line":49,"column":24},"end":{"line":49,"column":64}},"33":{"start":{"line":50,"column":8},"end":{"line":52,"column":9}},"34":{"start":{"line":51,"column":12},"end":{"line":51,"column":54}},"35":{"start":{"line":53,"column":9},"end":{"line":53,"column":39}},"36":{"start":{"line":55,"column":8},"end":{"line":55,"column":36}},"37":{"start":{"line":59,"column":22},"end":{"line":73,"column":null}},"38":{"start":{"line":59,"column":58},"end":{"line":73,"column":null}},"39":{"start":{"line":60,"column":19},"end":{"line":60,"column":29}},"40":{"start":{"line":61,"column":4},"end":{"line":72,"column":5}},"41":{"start":{"line":62,"column":20},"end":{"line":62,"column":51}},"42":{"start":{"line":63,"column":4},"end":{"line":69,"column":5}},"43":{"start":{"line":64,"column":8},"end":{"line":64,"column":50}},"44":{"start":{"line":68,"column":4},"end":{"line":68,"column":34}},"45":{"start":{"line":71,"column":8},"end":{"line":71,"column":36}},"46":{"start":{"line":74,"column":0},"end":{"line":80,"column":3}}},"fnMap":{"0":{"name":"(anonymous_8)","decl":{"start":{"line":4,"column":22},"end":{"line":4,"column":29}},"loc":{"start":{"line":4,"column":58},"end":{"line":12,"column":null}}},"1":{"name":"(anonymous_9)","decl":{"start":{"line":4,"column":58},"end":{"line":4,"column":null}},"loc":{"start":{"line":4,"column":58},"end":{"line":12,"column":1}}},"2":{"name":"(anonymous_10)","decl":{"start":{"line":14,"column":22},"end":{"line":14,"column":29}},"loc":{"start":{"line":14,"column":58},"end":{"line":28,"column":6}}},"3":{"name":"(anonymous_11)","decl":{"start":{"line":14,"column":58},"end":{"line":14,"column":null}},"loc":{"start":{"line":14,"column":58},"end":{"line":28,"column":5}}},"4":{"name":"(anonymous_12)","decl":{"start":{"line":30,"column":21},"end":{"line":30,"column":28}},"loc":{"start":{"line":30,"column":57},"end":{"line":44,"column":2}}},"5":{"name":"(anonymous_13)","decl":{"start":{"line":30,"column":57},"end":{"line":30,"column":null}},"loc":{"start":{"line":30,"column":57},"end":{"line":44,"column":1}}},"6":{"name":"(anonymous_14)","decl":{"start":{"line":46,"column":21},"end":{"line":46,"column":28}},"loc":{"start":{"line":46,"column":57},"end":{"line":57,"column":2}}},"7":{"name":"(anonymous_15)","decl":{"start":{"line":46,"column":57},"end":{"line":46,"column":null}},"loc":{"start":{"line":46,"column":57},"end":{"line":57,"column":1}}},"8":{"name":"(anonymous_16)","decl":{"start":{"line":59,"column":22},"end":{"line":59,"column":29}},"loc":{"start":{"line":59,"column":58},"end":{"line":73,"column":null}}},"9":{"name":"(anonymous_17)","decl":{"start":{"line":59,"column":58},"end":{"line":59,"column":null}},"loc":{"start":{"line":59,"column":58},"end":{"line":73,"column":1}}}},"branchMap":{"0":{"loc":{"start":{"line":16,"column":4},"end":{"line":27,"column":5}},"type":"if","locations":[{"start":{"line":16,"column":4},"end":{"line":27,"column":5}},{"start":{"line":20,"column":8},"end":{"line":27,"column":5}}]},"1":{"loc":{"start":{"line":36,"column":8},"end":{"line":38,"column":9}},"type":"if","locations":[{"start":{"line":36,"column":8},"end":{"line":38,"column":9}}]},"2":{"loc":{"start":{"line":50,"column":8},"end":{"line":52,"column":9}},"type":"if","locations":[{"start":{"line":50,"column":8},"end":{"line":52,"column":9}}]},"3":{"loc":{"start":{"line":63,"column":4},"end":{"line":69,"column":5}},"type":"if","locations":[{"start":{"line":63,"column":4},"end":{"line":69,"column":5}},{"start":{"line":67,"column":4},"end":{"line":69,"column":5}}]}},"s":{"0":3,"1":3,"2":1,"3":1,"4":1,"5":1,"6":1,"7":0,"8":3,"9":3,"10":3,"11":3,"12":1,"13":1,"14":2,"15":2,"16":2,"17":0,"18":3,"19":2,"20":2,"21":2,"22":2,"23":2,"24":2,"25":1,"26":2,"27":1,"28":3,"29":1,"30":1,"31":1,"32":1,"33":1,"34":0,"35":1,"36":0,"37":3,"38":1,"39":1,"40":1,"41":1,"42":1,"43":0,"44":1,"45":0,"46":3},"f":{"0":1,"1":1,"2":3,"3":3,"4":2,"5":2,"6":1,"7":1,"8":1,"9":1},"b":{"0":[1,2],"1":[1],"2":[0],"3":[0,1]}}
,"C:\\Users\\ofeks\\לימודים\\שנה ג'\\נושאים מתקדמים באפליקציות אינטרנטיות\\assign2\\assign2e\\controller\\postController.ts": {"path":"C:\\Users\\ofeks\\לימודים\\שנה ג'\\נושאים מתקדמים באפליקציות אינטרנטיות\\assign2\\assign2e\\controller\\postController.ts","statementMap":{"0":{"start":{"line":2,"column":0},"end":{"line":2,"column":38}},"1":{"start":{"line":3,"column":0},"end":{"line":3,"column":38}},"2":{"start":{"line":5,"column":19},"end":{"line":13,"column":2}},"3":{"start":{"line":5,"column":55},"end":{"line":13,"column":2}},"4":{"start":{"line":6,"column":21},"end":{"line":6,"column":29}},"5":{"start":{"line":7,"column":4},"end":{"line":12,"column":5}},"6":{"start":{"line":8,"column":17},"end":{"line":8,"column":49}},"7":{"start":{"line":9,"column":4},"end":{"line":9,"column":31}},"8":{"start":{"line":11,"column":8},"end":{"line":11,"column":36}},"9":{"start":{"line":15,"column":19},"end":{"line":30,"column":2}},"10":{"start":{"line":15,"column":55},"end":{"line":30,"column":2}},"11":{"start":{"line":16,"column":21},"end":{"line":16,"column":39}},"12":{"start":{"line":17,"column":4},"end":{"line":29,"column":1}},"13":{"start":{"line":19,"column":22},"end":{"line":19,"column":63}},"14":{"start":{"line":20,"column":9},"end":{"line":20,"column":25}},"15":{"start":{"line":23,"column":4},"end":{"line":28,"column":5}},"16":{"start":{"line":24,"column":18},"end":{"line":24,"column":40}},"17":{"start":{"line":25,"column":4},"end":{"line":25,"column":32}},"18":{"start":{"line":27,"column":8},"end":{"line":27,"column":36}},"19":{"start":{"line":32,"column":19},"end":{"line":46,"column":2}},"20":{"start":{"line":32,"column":55},"end":{"line":46,"column":2}},"21":{"start":{"line":33,"column":19},"end":{"line":33,"column":29}},"22":{"start":{"line":34,"column":4},"end":{"line":45,"column":5}},"23":{"start":{"line":35,"column":17},"end":{"line":35,"column":45}},"24":{"start":{"line":36,"column":4},"end":{"line":42,"column":5}},"25":{"start":{"line":37,"column":8},"end":{"line":37,"column":47}},"26":{"start":{"line":41,"column":4},"end":{"line":41,"column":31}},"27":{"start":{"line":44,"column":8},"end":{"line":44,"column":36}},"28":{"start":{"line":48,"column":19},"end":{"line":70,"column":2}},"29":{"start":{"line":48,"column":55},"end":{"line":70,"column":2}},"30":{"start":{"line":49,"column":19},"end":{"line":49,"column":29}},"31":{"start":{"line":51,"column":4},"end":{"line":69,"column":5}},"32":{"start":{"line":53,"column":28},"end":{"line":57,"column":10}},"33":{"start":{"line":60,"column":8},"end":{"line":62,"column":9}},"34":{"start":{"line":61,"column":13},"end":{"line":61,"column":52}},"35":{"start":{"line":65,"column":9},"end":{"line":65,"column":43}},"36":{"start":{"line":68,"column":8},"end":{"line":68,"column":36}},"37":{"start":{"line":73,"column":18},"end":{"line":84,"column":2}},"38":{"start":{"line":73,"column":54},"end":{"line":84,"column":2}},"39":{"start":{"line":74,"column":19},"end":{"line":74,"column":29}},"40":{"start":{"line":75,"column":4},"end":{"line":83,"column":5}},"41":{"start":{"line":76,"column":21},"end":{"line":76,"column":58}},"42":{"start":{"line":77,"column":8},"end":{"line":79,"column":9}},"43":{"start":{"line":78,"column":12},"end":{"line":78,"column":51}},"44":{"start":{"line":80,"column":9},"end":{"line":80,"column":36}},"45":{"start":{"line":82,"column":8},"end":{"line":82,"column":36}},"46":{"start":{"line":86,"column":1},"end":{"line":93,"column":2}}},"fnMap":{"0":{"name":"(anonymous_8)","decl":{"start":{"line":5,"column":19},"end":{"line":5,"column":26}},"loc":{"start":{"line":5,"column":55},"end":{"line":13,"column":2}}},"1":{"name":"(anonymous_9)","decl":{"start":{"line":5,"column":55},"end":{"line":5,"column":null}},"loc":{"start":{"line":5,"column":55},"end":{"line":13,"column":1}}},"2":{"name":"(anonymous_10)","decl":{"start":{"line":15,"column":19},"end":{"line":15,"column":26}},"loc":{"start":{"line":15,"column":55},"end":{"line":30,"column":2}}},"3":{"name":"(anonymous_11)","decl":{"start":{"line":15,"column":55},"end":{"line":15,"column":null}},"loc":{"start":{"line":15,"column":55},"end":{"line":30,"column":1}}},"4":{"name":"(anonymous_12)","decl":{"start":{"line":32,"column":19},"end":{"line":32,"column":26}},"loc":{"start":{"line":32,"column":55},"end":{"line":46,"column":2}}},"5":{"name":"(anonymous_13)","decl":{"start":{"line":32,"column":55},"end":{"line":32,"column":null}},"loc":{"start":{"line":32,"column":55},"end":{"line":46,"column":1}}},"6":{"name":"(anonymous_14)","decl":{"start":{"line":48,"column":19},"end":{"line":48,"column":26}},"loc":{"start":{"line":48,"column":55},"end":{"line":70,"column":2}}},"7":{"name":"(anonymous_15)","decl":{"start":{"line":48,"column":55},"end":{"line":48,"column":null}},"loc":{"start":{"line":48,"column":55},"end":{"line":70,"column":1}}},"8":{"name":"(anonymous_16)","decl":{"start":{"line":73,"column":18},"end":{"line":73,"column":25}},"loc":{"start":{"line":73,"column":54},"end":{"line":84,"column":2}}},"9":{"name":"(anonymous_17)","decl":{"start":{"line":73,"column":54},"end":{"line":73,"column":null}},"loc":{"start":{"line":73,"column":54},"end":{"line":84,"column":1}}}},"branchMap":{"0":{"loc":{"start":{"line":17,"column":4},"end":{"line":29,"column":1}},"type":"if","locations":[{"start":{"line":17,"column":4},"end":{"line":29,"column":1}},{"start":{"line":22,"column":8},"end":{"line":29,"column":1}}]},"1":{"loc":{"start":{"line":36,"column":4},"end":{"line":42,"column":5}},"type":"if","locations":[{"start":{"line":36,"column":4},"end":{"line":42,"column":5}},{"start":{"line":40,"column":4},"end":{"line":42,"column":5}}]},"2":{"loc":{"start":{"line":60,"column":8},"end":{"line":62,"column":9}},"type":"if","locations":[{"start":{"line":60,"column":8},"end":{"line":62,"column":9}}]},"3":{"loc":{"start":{"line":77,"column":8},"end":{"line":79,"column":9}},"type":"if","locations":[{"start":{"line":77,"column":8},"end":{"line":79,"column":9}}]}},"s":{"0":3,"1":3,"2":3,"3":5,"4":5,"5":5,"6":5,"7":4,"8":1,"9":3,"10":3,"11":3,"12":3,"13":1,"14":1,"15":2,"16":2,"17":2,"18":0,"19":3,"20":2,"21":2,"22":2,"23":2,"24":2,"25":1,"26":1,"27":0,"28":3,"29":2,"30":2,"31":2,"32":2,"33":1,"34":0,"35":1,"36":1,"37":3,"38":1,"39":1,"40":1,"41":1,"42":1,"43":0,"44":1,"45":0,"46":3},"f":{"0":5,"1":5,"2":3,"3":3,"4":2,"5":2,"6":2,"7":2,"8":1,"9":1},"b":{"0":[1,2],"1":[1,1],"2":[0],"3":[0]}}
,"C:\\Users\\ofeks\\לימודים\\שנה ג'\\נושאים מתקדמים באפליקציות אינטרנטיות\\assign2\\assign2e\\model\\comment.ts": {"path":"C:\\Users\\ofeks\\לימודים\\שנה ג'\\נושאים מתקדמים באפליקציות אינטרנטיות\\assign2\\assign2e\\model\\comment.ts","statementMap":{"0":{"start":{"line":1,"column":0},"end":{"line":1,"column":32}},"1":{"start":{"line":2,"column":22},"end":{"line":14,"column":2}},"2":{"start":{"line":15,"column":21},"end":{"line":15,"column":61}},"3":{"start":{"line":16,"column":0},"end":{"line":16,"column":28}}},"fnMap":{},"branchMap":{},"s":{"0":3,"1":3,"2":3,"3":3},"f":{},"b":{}}
,"C:\\Users\\ofeks\\לימודים\\שנה ג'\\נושאים מתקדמים באפליקציות אינטרנטיות\\assign2\\assign2e\\model\\post.ts": {"path":"C:\\Users\\ofeks\\לימודים\\שנה ג'\\נושאים מתקדמים באפליקציות אינטרנטיות\\assign2\\assign2e\\model\\post.ts","statementMap":{"0":{"start":{"line":1,"column":0},"end":{"line":1,"column":32}},"1":{"start":{"line":3,"column":19},"end":{"line":15,"column":2}},"2":{"start":{"line":17,"column":18},"end":{"line":17,"column":52}},"3":{"start":{"line":18,"column":0},"end":{"line":18,"column":25}}},"fnMap":{},"branchMap":{},"s":{"0":3,"1":3,"2":3,"3":3},"f":{},"b":{}}
,"C:\\Users\\ofeks\\לימודים\\שנה ג'\\נושאים מתקדמים באפליקציות אינטרנטיות\\assign2\\assign2e\\model\\user.ts": {"path":"C:\\Users\\ofeks\\לימודים\\שנה ג'\\נושאים מתקדמים באפליקציות אינטרנטיות\\assign2\\assign2e\\model\\user.ts","statementMap":{"0":{"start":{"line":1,"column":0},"end":{"line":1,"column":32}},"1":{"start":{"line":10,"column":19},"end":{"line":24,"column":2}},"2":{"start":{"line":26,"column":18},"end":{"line":26,"column":64}},"3":{"start":{"line":28,"column":0},"end":{"line":28,"column":25}}},"fnMap":{},"branchMap":{},"s":{"0":3,"1":3,"2":3,"3":3},"f":{},"b":{}}
,"C:\\Users\\ofeks\\לימודים\\שנה ג'\\נושאים מתקדמים באפליקציות אינטרנטיות\\assign2\\assign2e\\routes\\authRoutes.ts": {"path":"C:\\Users\\ofeks\\לימודים\\שנה ג'\\נושאים מתקדמים באפליקציות אינטרנטיות\\assign2\\assign2e\\routes\\authRoutes.ts","statementMap":{"0":{"start":{"line":1,"column":0},"end":{"line":1,"column":30}},"1":{"start":{"line":2,"column":0},"end":{"line":2,"column":58}},"2":{"start":{"line":3,"column":15},"end":{"line":3,"column":31}},"3":{"start":{"line":71,"column":0},"end":{"line":71,"column":49}},"4":{"start":{"line":109,"column":0},"end":{"line":109,"column":43}},"5":{"start":{"line":147,"column":0},"end":{"line":147,"column":47}},"6":{"start":{"line":172,"column":0},"end":{"line":172,"column":45}},"7":{"start":{"line":173,"column":0},"end":{"line":173,"column":22}}},"fnMap":{},"branchMap":{},"s":{"0":3,"1":3,"2":3,"3":3,"4":3,"5":3,"6":3,"7":3},"f":{},"b":{}}
,"C:\\Users\\ofeks\\לימודים\\שנה ג'\\נושאים מתקדמים באפליקציות אינטרנטיות\\assign2\\assign2e\\routes\\commentRoutes.ts": {"path":"C:\\Users\\ofeks\\לימודים\\שנה ג'\\נושאים מתקדמים באפליקציות אינטרנטיות\\assign2\\assign2e\\routes\\commentRoutes.ts","statementMap":{"0":{"start":{"line":1,"column":0},"end":{"line":1,"column":30}},"1":{"start":{"line":2,"column":0},"end":{"line":2,"column":64}},"2":{"start":{"line":3,"column":15},"end":{"line":3,"column":31}},"3":{"start":{"line":5,"column":0},"end":{"line":5,"column":60}},"4":{"start":{"line":66,"column":0},"end":{"line":66,"column":66}},"5":{"start":{"line":86,"column":0},"end":{"line":86,"column":50}},"6":{"start":{"line":123,"column":0},"end":{"line":123,"column":68}},"7":{"start":{"line":148,"column":0},"end":{"line":148,"column":71}},"8":{"start":{"line":175,"column":0},"end":{"line":175,"column":53}},"9":{"start":{"line":178,"column":0},"end":{"line":178,"column":22}}},"fnMap":{},"branchMap":{},"s":{"0":3,"1":3,"2":3,"3":3,"4":3,"5":3,"6":3,"7":3,"8":3,"9":3},"f":{},"b":{}}
,"C:\\Users\\ofeks\\לימודים\\שנה ג'\\נושאים מתקדמים באפליקציות אינטרנטיות\\assign2\\assign2e\\routes\\postRoutes.ts": {"path":"C:\\Users\\ofeks\\לימודים\\שנה ג'\\נושאים מתקדמים באפליקציות אינטרנטיות\\assign2\\assign2e\\routes\\postRoutes.ts","statementMap":{"0":{"start":{"line":1,"column":0},"end":{"line":1,"column":31}},"1":{"start":{"line":2,"column":15},"end":{"line":2,"column":31}},"2":{"start":{"line":3,"column":0},"end":{"line":3,"column":58}},"3":{"start":{"line":4,"column":0},"end":{"line":4,"column":60}},"4":{"start":{"line":72,"column":0},"end":{"line":72,"column":60}},"5":{"start":{"line":92,"column":0},"end":{"line":92,"column":44}},"6":{"start":{"line":119,"column":0},"end":{"line":119,"column":47}},"7":{"start":{"line":156,"column":0},"end":{"line":156,"column":61}},"8":{"start":{"line":182,"column":0},"end":{"line":182,"column":64}},"9":{"start":{"line":184,"column":0},"end":{"line":184,"column":22}}},"fnMap":{},"branchMap":{},"s":{"0":3,"1":3,"2":3,"3":3,"4":3,"5":3,"6":3,"7":3,"8":3,"9":3},"f":{},"b":{}}
}
