TN:
SF:server.ts
FN:19,(anonymous_1)
FN:20,(anonymous_2)
FN:23,(anonymous_3)
FN:24,(anonymous_4)
FN:30,(anonymous_5)
FN:32,(anonymous_6)
FNF:6
FNH:4
FNDA:0,(anonymous_1)
FNDA:3,(anonymous_2)
FNDA:3,(anonymous_3)
FNDA:3,(anonymous_4)
FNDA:3,(anonymous_5)
FNDA:0,(anonymous_6)
DA:1,3
DA:2,3
DA:3,3
DA:4,3
DA:5,3
DA:6,3
DA:7,3
DA:8,3
DA:10,3
DA:12,3
DA:13,3
DA:14,3
DA:15,3
DA:16,3
DA:18,3
DA:19,3
DA:20,3
DA:23,3
DA:24,3
DA:25,3
DA:26,0
DA:29,3
DA:31,3
DA:33,0
DA:38,3
LF:25
LH:23
BRDA:25,0,0,0
BRDA:25,0,1,3
BRF:2
BRH:1
end_of_record
TN:
SF:controller\authController.ts
FN:9,(anonymous_8)
FN:9,(anonymous_9)
FN:41,(anonymous_10)
FN:65,(anonymous_11)
FN:65,(anonymous_12)
FN:116,(anonymous_13)
FN:116,(anonymous_14)
FN:127,(anonymous_15)
FN:143,(anonymous_16)
FN:144,(anonymous_17)
FN:155,(anonymous_18)
FN:155,(anonymous_19)
FN:175,(anonymous_20)
FN:186,(anonymous_21)
FN:186,(anonymous_22)
FNF:15
FNH:15
FNDA:6,(anonymous_8)
FNDA:6,(anonymous_9)
FNDA:8,(anonymous_10)
FNDA:8,(anonymous_11)
FNDA:8,(anonymous_12)
FNDA:13,(anonymous_13)
FNDA:13,(anonymous_14)
FNDA:12,(anonymous_15)
FNDA:5,(anonymous_16)
FNDA:5,(anonymous_17)
FNDA:5,(anonymous_18)
FNDA:5,(anonymous_19)
FNDA:4,(anonymous_20)
FNDA:5,(anonymous_21)
FNDA:5,(anonymous_22)
DA:2,3
DA:5,3
DA:6,3
DA:9,6
DA:10,6
DA:11,6
DA:12,6
DA:13,6
DA:15,6
DA:16,5
DA:19,1
DA:21,6
DA:22,6
DA:23,1
DA:24,1
DA:26,5
DA:27,5
DA:31,3
DA:33,2
DA:41,3
DA:42,8
DA:43,0
DA:46,8
DA:47,8
DA:54,8
DA:60,8
DA:65,8
DA:66,8
DA:67,8
DA:68,8
DA:69,8
DA:70,8
DA:72,8
DA:73,1
DA:74,1
DA:77,7
DA:78,7
DA:79,1
DA:80,1
DA:82,6
DA:83,0
DA:84,0
DA:86,6
DA:87,6
DA:88,0
DA:89,0
DA:91,6
DA:92,0
DA:94,6
DA:95,6
DA:96,6
DA:108,0
DA:109,0
DA:116,13
DA:117,13
DA:118,13
DA:119,13
DA:120,1
DA:121,1
DA:123,12
DA:124,0
DA:125,0
DA:127,12
DA:129,12
DA:130,1
DA:131,1
DA:133,11
DA:134,11
DA:143,3
DA:144,5
DA:146,5
DA:147,0
DA:148,0
DA:151,5
DA:152,0
DA:153,0
DA:155,5
DA:156,5
DA:157,1
DA:158,1
DA:161,4
DA:162,4
DA:164,4
DA:165,4
DA:166,0
DA:167,0
DA:169,4
DA:170,2
DA:171,2
DA:172,2
DA:173,2
DA:175,4
DA:176,2
DA:178,2
DA:180,0
DA:181,0
DA:186,5
DA:187,5
DA:188,5
DA:189,2
DA:190,0
DA:191,0
DA:193,2
DA:194,2
DA:195,0
DA:196,0
DA:198,2
DA:199,0
DA:201,2
DA:202,2
DA:203,2
DA:211,3
DA:214,3
LF:113
LH:90
BRDA:15,0,0,5
BRDA:15,0,1,1
BRDA:22,1,0,1
BRDA:42,2,0,0
BRDA:72,3,0,1
BRDA:72,3,1,7
BRDA:78,4,0,1
BRDA:82,5,0,0
BRDA:87,6,0,0
BRDA:91,7,0,0
BRDA:118,8,0,13
BRDA:118,8,1,12
BRDA:119,9,0,1
BRDA:123,10,0,0
BRDA:129,11,0,1
BRDA:146,12,0,0
BRDA:151,13,0,0
BRDA:156,14,0,1
BRDA:165,15,0,0
BRDA:169,16,0,2
BRDA:169,17,0,4
BRDA:169,17,1,4
BRDA:189,18,0,0
BRDA:194,19,0,0
BRDA:198,20,0,0
BRF:25
BRH:14
end_of_record
TN:
SF:controller\commentController.ts
FN:4,(anonymous_8)
FN:4,(anonymous_9)
FN:14,(anonymous_10)
FN:14,(anonymous_11)
FN:30,(anonymous_12)
FN:30,(anonymous_13)
FN:46,(anonymous_14)
FN:46,(anonymous_15)
FN:59,(anonymous_16)
FN:59,(anonymous_17)
FNF:10
FNH:10
FNDA:1,(anonymous_8)
FNDA:1,(anonymous_9)
FNDA:3,(anonymous_10)
FNDA:3,(anonymous_11)
FNDA:2,(anonymous_12)
FNDA:2,(anonymous_13)
FNDA:1,(anonymous_14)
FNDA:1,(anonymous_15)
FNDA:1,(anonymous_16)
FNDA:1,(anonymous_17)
DA:1,3
DA:4,3
DA:5,1
DA:6,1
DA:7,1
DA:8,1
DA:10,0
DA:14,3
DA:15,3
DA:16,3
DA:17,1
DA:18,1
DA:21,2
DA:22,2
DA:23,2
DA:25,0
DA:30,3
DA:31,2
DA:32,2
DA:33,2
DA:34,2
DA:36,2
DA:37,1
DA:39,2
DA:42,1
DA:46,3
DA:47,1
DA:48,1
DA:49,1
DA:50,1
DA:51,0
DA:53,1
DA:55,0
DA:59,3
DA:60,1
DA:61,1
DA:62,1
DA:63,1
DA:64,0
DA:68,1
DA:71,0
DA:74,3
LF:42
LH:36
BRDA:16,0,0,1
BRDA:16,0,1,2
BRDA:36,1,0,1
BRDA:50,2,0,0
BRDA:63,3,0,0
BRDA:63,3,1,1
BRF:6
BRH:4
end_of_record
TN:
SF:controller\postController.ts
FN:5,(anonymous_8)
FN:5,(anonymous_9)
FN:15,(anonymous_10)
FN:15,(anonymous_11)
FN:32,(anonymous_12)
FN:32,(anonymous_13)
FN:48,(anonymous_14)
FN:48,(anonymous_15)
FN:73,(anonymous_16)
FN:73,(anonymous_17)
FNF:10
FNH:10
FNDA:4,(anonymous_8)
FNDA:4,(anonymous_9)
FNDA:3,(anonymous_10)
FNDA:3,(anonymous_11)
FNDA:2,(anonymous_12)
FNDA:2,(anonymous_13)
FNDA:2,(anonymous_14)
FNDA:2,(anonymous_15)
FNDA:1,(anonymous_16)
FNDA:1,(anonymous_17)
DA:2,3
DA:3,3
DA:5,4
DA:6,4
DA:7,4
DA:8,4
DA:9,3
DA:11,1
DA:15,3
DA:16,3
DA:17,3
DA:19,1
DA:20,1
DA:23,2
DA:24,2
DA:25,2
DA:27,0
DA:32,3
DA:33,2
DA:34,2
DA:35,2
DA:36,2
DA:37,1
DA:41,1
DA:44,0
DA:48,3
DA:49,2
DA:51,2
DA:53,2
DA:60,1
DA:61,0
DA:65,1
DA:68,1
DA:73,3
DA:74,1
DA:75,1
DA:76,1
DA:77,1
DA:78,0
DA:80,1
DA:82,0
DA:86,3
LF:42
LH:37
BRDA:17,0,0,1
BRDA:17,0,1,2
BRDA:36,1,0,1
BRDA:36,1,1,1
BRDA:60,2,0,0
BRDA:77,3,0,0
BRF:6
BRH:4
end_of_record
TN:
SF:model\comment.ts
FNF:0
FNH:0
DA:1,3
DA:2,3
DA:13,3
DA:14,3
LF:4
LH:4
BRF:0
BRH:0
end_of_record
TN:
SF:model\post.ts
FNF:0
FNH:0
DA:1,3
DA:3,3
DA:17,3
DA:18,3
LF:4
LH:4
BRF:0
BRH:0
end_of_record
TN:
SF:model\user.ts
FNF:0
FNH:0
DA:1,3
DA:10,3
DA:26,3
DA:28,3
LF:4
LH:4
BRF:0
BRH:0
end_of_record
TN:
SF:routes\authRoutes.ts
FNF:0
FNH:0
DA:1,3
DA:2,3
DA:3,3
DA:5,3
DA:7,3
DA:9,3
DA:11,3
LF:7
LH:7
BRF:0
BRH:0
end_of_record
TN:
SF:routes\commentRoutes.ts
FNF:0
FNH:0
DA:1,3
DA:2,3
DA:3,3
DA:5,3
DA:7,3
DA:8,3
DA:9,3
DA:10,3
DA:11,3
DA:14,3
LF:10
LH:10
BRF:0
BRH:0
end_of_record
TN:
SF:routes\postRoutes.ts
FNF:0
FNH:0
DA:1,3
DA:2,3
DA:3,3
DA:4,3
DA:6,3
DA:7,3
DA:8,3
DA:9,3
DA:10,3
DA:12,3
LF:10
LH:10
BRF:0
BRH:0
end_of_record
