TN:
SF:server.ts
FN:39,(anonymous_1)
FN:40,(anonymous_2)
FN:43,(anonymous_3)
FN:44,(anonymous_4)
FN:50,(anonymous_5)
FN:52,(anonymous_6)
FNF:6
FNH:4
FNDA:0,(anonymous_1)
FNDA:3,(anonymous_2)
FNDA:3,(anonymous_3)
FNDA:3,(anonymous_4)
FNDA:3,(anonymous_5)
FNDA:0,(anonymous_6)
DA:1,3
DA:2,3
DA:3,3
DA:4,3
DA:5,3
DA:6,3
DA:7,3
DA:8,3
DA:9,3
DA:10,3
DA:11,3
DA:13,3
DA:14,3
DA:15,3
DA:16,3
DA:17,3
DA:19,3
DA:20,0
DA:33,0
DA:34,0
DA:38,3
DA:39,3
DA:40,3
DA:43,3
DA:44,3
DA:45,3
DA:46,0
DA:49,3
DA:51,3
DA:53,0
DA:58,3
LF:31
LH:26
BRDA:19,0,0,0
BRDA:45,1,0,0
BRDA:45,1,1,3
BRF:3
BRH:1
end_of_record
TN:
SF:controller\authController.ts
FN:8,(anonymous_8)
FN:8,(anonymous_9)
FN:40,(anonymous_10)
FN:64,(anonymous_11)
FN:64,(anonymous_12)
FN:114,(anonymous_13)
FN:114,(anonymous_14)
FN:127,(anonymous_15)
FN:143,(anonymous_16)
FN:144,(anonymous_17)
FN:155,(anonymous_18)
FN:155,(anonymous_19)
FN:175,(anonymous_20)
FN:186,(anonymous_21)
FN:186,(anonymous_22)
FN:200,(anonymous_23)
FN:200,(anonymous_24)
FNF:17
FNH:17
FNDA:6,(anonymous_8)
FNDA:6,(anonymous_9)
FNDA:9,(anonymous_10)
FNDA:11,(anonymous_11)
FNDA:11,(anonymous_12)
FNDA:14,(anonymous_13)
FNDA:14,(anonymous_14)
FNDA:13,(anonymous_15)
FNDA:8,(anonymous_16)
FNDA:8,(anonymous_17)
FNDA:7,(anonymous_18)
FNDA:7,(anonymous_19)
FNDA:5,(anonymous_20)
FNDA:1,(anonymous_21)
FNDA:1,(anonymous_22)
FNDA:8,(anonymous_23)
FNDA:8,(anonymous_24)
DA:2,3
DA:4,3
DA:6,3
DA:8,6
DA:9,6
DA:10,6
DA:11,6
DA:12,6
DA:14,6
DA:15,5
DA:18,1
DA:20,6
DA:21,6
DA:22,1
DA:23,1
DA:25,5
DA:26,5
DA:30,3
DA:32,2
DA:40,3
DA:41,9
DA:42,0
DA:45,9
DA:46,9
DA:53,9
DA:59,9
DA:64,11
DA:65,11
DA:66,11
DA:67,11
DA:68,11
DA:69,11
DA:71,10
DA:72,2
DA:73,2
DA:76,8
DA:77,8
DA:78,1
DA:79,1
DA:81,7
DA:82,1
DA:83,1
DA:85,6
DA:86,6
DA:87,0
DA:88,0
DA:90,6
DA:91,0
DA:93,6
DA:94,6
DA:95,6
DA:107,1
DA:114,14
DA:115,14
DA:116,14
DA:117,14
DA:118,1
DA:119,1
DA:121,13
DA:122,0
DA:123,0
DA:127,13
DA:129,13
DA:130,1
DA:131,1
DA:133,12
DA:134,12
DA:143,3
DA:144,8
DA:146,8
DA:147,1
DA:148,1
DA:151,7
DA:152,0
DA:153,0
DA:155,7
DA:156,7
DA:157,1
DA:158,1
DA:161,6
DA:162,6
DA:164,6
DA:165,6
DA:166,0
DA:167,0
DA:169,6
DA:170,3
DA:171,3
DA:172,3
DA:173,3
DA:175,5
DA:176,3
DA:178,3
DA:180,0
DA:181,0
DA:186,3
DA:187,1
DA:188,1
DA:189,1
DA:190,0
DA:191,0
DA:193,1
DA:194,1
DA:195,1
DA:197,0
DA:200,8
DA:201,8
DA:202,8
DA:203,3
DA:204,0
DA:205,0
DA:207,3
DA:208,3
DA:209,0
DA:210,0
DA:212,3
DA:213,0
DA:215,3
DA:216,3
DA:217,3
DA:225,5
DA:228,3
LF:122
LH:102
BRDA:14,0,0,5
BRDA:14,0,1,1
BRDA:21,1,0,1
BRDA:41,2,0,0
BRDA:71,3,0,2
BRDA:71,3,1,8
BRDA:77,4,0,1
BRDA:81,5,0,1
BRDA:86,6,0,0
BRDA:90,7,0,0
BRDA:116,8,0,14
BRDA:116,8,1,13
BRDA:117,9,0,1
BRDA:121,10,0,0
BRDA:129,11,0,1
BRDA:146,12,0,1
BRDA:151,13,0,0
BRDA:156,14,0,1
BRDA:165,15,0,0
BRDA:169,16,0,3
BRDA:169,17,0,6
BRDA:169,17,1,6
BRDA:189,18,0,0
BRDA:203,19,0,0
BRDA:208,20,0,0
BRDA:212,21,0,0
BRF:26
BRH:16
end_of_record
TN:
SF:controller\commentController.ts
FN:4,(anonymous_8)
FN:4,(anonymous_9)
FN:14,(anonymous_10)
FN:14,(anonymous_11)
FN:30,(anonymous_12)
FN:30,(anonymous_13)
FN:46,(anonymous_14)
FN:46,(anonymous_15)
FN:59,(anonymous_16)
FN:59,(anonymous_17)
FNF:10
FNH:10
FNDA:1,(anonymous_8)
FNDA:1,(anonymous_9)
FNDA:3,(anonymous_10)
FNDA:3,(anonymous_11)
FNDA:2,(anonymous_12)
FNDA:2,(anonymous_13)
FNDA:1,(anonymous_14)
FNDA:1,(anonymous_15)
FNDA:1,(anonymous_16)
FNDA:1,(anonymous_17)
DA:1,3
DA:4,3
DA:5,1
DA:6,1
DA:7,1
DA:8,1
DA:10,0
DA:14,3
DA:15,3
DA:16,3
DA:17,1
DA:18,1
DA:21,2
DA:22,2
DA:23,2
DA:25,0
DA:30,3
DA:31,2
DA:32,2
DA:33,2
DA:34,2
DA:36,2
DA:37,1
DA:39,2
DA:42,1
DA:46,3
DA:47,1
DA:48,1
DA:49,1
DA:50,1
DA:51,0
DA:53,1
DA:55,0
DA:59,3
DA:60,1
DA:61,1
DA:62,1
DA:63,1
DA:64,0
DA:68,1
DA:71,0
DA:74,3
LF:42
LH:36
BRDA:16,0,0,1
BRDA:16,0,1,2
BRDA:36,1,0,1
BRDA:50,2,0,0
BRDA:63,3,0,0
BRDA:63,3,1,1
BRF:6
BRH:4
end_of_record
TN:
SF:controller\postController.ts
FN:5,(anonymous_8)
FN:5,(anonymous_9)
FN:15,(anonymous_10)
FN:15,(anonymous_11)
FN:32,(anonymous_12)
FN:32,(anonymous_13)
FN:48,(anonymous_14)
FN:48,(anonymous_15)
FN:73,(anonymous_16)
FN:73,(anonymous_17)
FNF:10
FNH:10
FNDA:5,(anonymous_8)
FNDA:5,(anonymous_9)
FNDA:3,(anonymous_10)
FNDA:3,(anonymous_11)
FNDA:2,(anonymous_12)
FNDA:2,(anonymous_13)
FNDA:2,(anonymous_14)
FNDA:2,(anonymous_15)
FNDA:1,(anonymous_16)
FNDA:1,(anonymous_17)
DA:2,3
DA:3,3
DA:5,5
DA:6,5
DA:7,5
DA:8,5
DA:9,4
DA:11,1
DA:15,3
DA:16,3
DA:17,3
DA:19,1
DA:20,1
DA:23,2
DA:24,2
DA:25,2
DA:27,0
DA:32,3
DA:33,2
DA:34,2
DA:35,2
DA:36,2
DA:37,1
DA:41,1
DA:44,0
DA:48,3
DA:49,2
DA:51,2
DA:53,2
DA:60,1
DA:61,0
DA:65,1
DA:68,1
DA:73,3
DA:74,1
DA:75,1
DA:76,1
DA:77,1
DA:78,0
DA:80,1
DA:82,0
DA:86,3
LF:42
LH:37
BRDA:17,0,0,1
BRDA:17,0,1,2
BRDA:36,1,0,1
BRDA:36,1,1,1
BRDA:60,2,0,0
BRDA:77,3,0,0
BRF:6
BRH:4
end_of_record
TN:
SF:model\comment.ts
FNF:0
FNH:0
DA:1,3
DA:2,3
DA:15,3
DA:16,3
LF:4
LH:4
BRF:0
BRH:0
end_of_record
TN:
SF:model\post.ts
FNF:0
FNH:0
DA:1,3
DA:3,3
DA:17,3
DA:18,3
LF:4
LH:4
BRF:0
BRH:0
end_of_record
TN:
SF:model\user.ts
FNF:0
FNH:0
DA:1,3
DA:10,3
DA:26,3
DA:28,3
LF:4
LH:4
BRF:0
BRH:0
end_of_record
TN:
SF:routes\authRoutes.ts
FNF:0
FNH:0
DA:1,3
DA:2,3
DA:3,3
DA:71,3
DA:109,3
DA:147,3
DA:172,3
DA:173,3
LF:8
LH:8
BRF:0
BRH:0
end_of_record
TN:
SF:routes\commentRoutes.ts
FNF:0
FNH:0
DA:1,3
DA:2,3
DA:3,3
DA:5,3
DA:66,3
DA:86,3
DA:123,3
DA:148,3
DA:175,3
DA:178,3
LF:10
LH:10
BRF:0
BRH:0
end_of_record
TN:
SF:routes\postRoutes.ts
FNF:0
FNH:0
DA:1,3
DA:2,3
DA:3,3
DA:4,3
DA:72,3
DA:92,3
DA:119,3
DA:156,3
DA:182,3
DA:184,3
LF:10
LH:10
BRF:0
BRH:0
end_of_record
